#
# An unexpected error has been detected by Java Runtime Environment:
#
#  SIGSEGV (0xb) at pc=0x81132b48, pid=14407, tid=3085253520
#
# Java VM: Java HotSpot(TM) Server VM (11.2-b01 mixed mode linux-x86)
# Problematic frame:
# C  [libCReedInterface.so+0x6b48]  jerasure_matrix_decode+0x78
#
# If you would like to submit a bug report, please visit:
#   http://java.sun.com/webapps/bugreport/crash.jsp
# The crash happened outside the Java Virtual Machine in native code.
# See problematic frame for where to report the bug.
#

---------------  T H R E A D  ---------------

Current thread (0x09bb7400):  JavaThread "main" [_thread_in_native, id=14408, stack(0xb7e03000,0xb7e54000)]

siginfo:si_signo=SIGSEGV: si_errno=0, si_code=1 (SEGV_MAPERR), si_addr=0xe9bcdec0

Registers:
EAX=0xb7fd6188, EBX=0x09c75de8, ECX=0x00000000, EDX=0x09c758a0
ESP=0xb7e52e60, EBP=0xb7e52e98, ESI=0x00000004, EDI=0x00000002
EIP=0x81132b48, CR2=0xe9bcdec0, EFLAGS=0x00010293

Top of Stack: (sp=0xb7e52e60)
0xb7e52e60:   00000060 8112c000 000093b8 00000005
0xb7e52e70:   8112ca18 8113538c 00000000 09c75e88
0xb7e52e80:   b7e52ef8 b8022090 00000004 8113538c
0xb7e52e90:   00000004 09c75e88 b7e52ef8 8112ee64
0xb7e52ea0:   00000002 00000002 00000010 09cd0080
0xb7e52eb0:   00000001 09c75de8 09c75e88 09c75f28
0xb7e52ec0:   00000004 b7e52edc 00000004 8112ed0a
0xb7e52ed0:   8112c8c8 8113538c 00000003 00000001 

Instructions: (pc=0x81132b48)
0x81132b38:   39 d8 7c f4 8b 5d 1c 31 c9 8b 03 83 f8 ff 74 23
0x81132b48:   8b 1c 82 85 db 75 10 4e c7 04 82 01 00 00 00 39 

Stack: [0xb7e03000,0xb7e54000],  sp=0xb7e52e60,  free space=319k
Native frames: (J=compiled Java code, j=interpreted, Vv=VM code, C=native code)
C  [libCReedInterface.so+0x6b48]  jerasure_matrix_decode+0x78
C  [libCReedInterface.so+0x2e64]  recover+0x168
C  [libCReedInterface.so+0x276a]  Java_JavaReedInterface_recover+0xd4
j  JavaReedInterface.recover(III[I[I[I)[I+0
j  Fusion.getRecoveredData([I[I[I)[I+15
j  RecoveryAgent.recover(Ljava/util/Vector;)V+271
j  RecoveryAgent.main([Ljava/lang/String;)V+93
v  ~StubRoutines::call_stub
V  [libjvm.so+0x375c9d]
V  [libjvm.so+0x5057f8]
V  [libjvm.so+0x375b30]
V  [libjvm.so+0x39f2e6]
V  [libjvm.so+0x390ae8]
C  [java+0x1b98]  JavaMain+0x2c8
C  [libpthread.so.0+0x650f]

Java frames: (J=compiled Java code, j=interpreted, Vv=VM code)
j  JavaReedInterface.recover(III[I[I[I)[I+0
j  Fusion.getRecoveredData([I[I[I)[I+15
j  RecoveryAgent.recover(Ljava/util/Vector;)V+271
j  RecoveryAgent.main([Ljava/lang/String;)V+93
v  ~StubRoutines::call_stub

---------------  P R O C E S S  ---------------

Java Threads: ( => current thread )
  0x09c6f000 JavaThread "Low Memory Detector" daemon [_thread_blocked, id=14432, stack(0x811b7000,0x81208000)]
  0x09c6d000 JavaThread "CompilerThread1" daemon [_thread_blocked, id=14431, stack(0x81208000,0x81289000)]
  0x09c69000 JavaThread "CompilerThread0" daemon [_thread_blocked, id=14430, stack(0x81289000,0x8130a000)]
  0x09c5c400 JavaThread "JDWP Command Reader" daemon [_thread_in_native, id=14426, stack(0x8130a000,0x8135b000)]
  0x09c5a400 JavaThread "JDWP Event Helper Thread" daemon [_thread_blocked, id=14424, stack(0x8135b000,0x813ac000)]
  0x09c57c00 JavaThread "JDWP Transport Listener: dt_socket" daemon [_thread_blocked, id=14422, stack(0x813ac000,0x813fd000)]
  0x09c50000 JavaThread "Signal Dispatcher" daemon [_thread_blocked, id=14420, stack(0x813fd000,0x8144e000)]
  0x09c40400 JavaThread "Finalizer" daemon [_thread_blocked, id=14418, stack(0x8144e000,0x8149f000)]
  0x09c3bc00 JavaThread "Reference Handler" daemon [_thread_blocked, id=14417, stack(0x8149f000,0x814f0000)]
=>0x09bb7400 JavaThread "main" [_thread_in_native, id=14408, stack(0xb7e03000,0xb7e54000)]

Other Threads:
  0x09c38400 VMThread [stack: 0x814f0000,0x81571000] [id=14416]
  0x09c70c00 WatcherThread [stack: 0x81136000,0x811b7000] [id=14433]

VM state:not at safepoint (normal execution)

VM Mutex/Monitor currently owned by a thread: None

Heap
 PSYoungGen      total 4672K, used 856K [0xaf7c0000, 0xafcf0000, 0xb4b40000)
  eden space 4032K, 21% used [0xaf7c0000,0xaf896200,0xafbb0000)
  from space 640K, 0% used [0xafc50000,0xafc50000,0xafcf0000)
  to   space 640K, 0% used [0xafbb0000,0xafbb0000,0xafc50000)
 PSOldGen        total 42816K, used 0K [0x85b40000, 0x88510000, 0xaf7c0000)
  object space 42816K, 0% used [0x85b40000,0x85b40000,0x88510000)
 PSPermGen       total 16384K, used 2581K [0x81b40000, 0x82b40000, 0x85b40000)
  object space 16384K, 15% used [0x81b40000,0x81dc5400,0x82b40000)

Dynamic libraries:
06000000-06676000 r-xp 00000000 08:06 90312      /usr/bin/jdk1.6.0_12/jre/lib/i386/server/libjvm.so
06676000-066bb000 rwxp 00675000 08:06 90312      /usr/bin/jdk1.6.0_12/jre/lib/i386/server/libjvm.so
066bb000-06add000 rwxp 066bb000 00:00 0 
08048000-08052000 r-xp 00000000 08:06 117003     /usr/bin/jdk1.6.0_12/bin/java
08052000-08053000 rwxp 00009000 08:06 117003     /usr/bin/jdk1.6.0_12/bin/java
09bab000-09d53000 rwxp 09bab000 00:00 0          [heap]
80efe000-81000000 rwxp 80efe000 00:00 0 
81000000-81021000 rwxp 81000000 00:00 0 
81021000-81100000 ---p 81021000 00:00 0 
81118000-8112b000 r-xp 00000000 08:06 75307      /usr/bin/jdk1.6.0_12/jre/lib/i386/libnet.so
8112b000-8112c000 rwxp 00013000 08:06 75307      /usr/bin/jdk1.6.0_12/jre/lib/i386/libnet.so
8112c000-81135000 r-xp 00000000 08:06 554872     /home/bharath/workspace/RsFusion/libCReedInterface.so
81135000-81136000 rwxp 00009000 08:06 554872     /home/bharath/workspace/RsFusion/libCReedInterface.so
81136000-81137000 ---p 81136000 00:00 0 
81137000-811b7000 rwxp 81137000 00:00 0 
811b7000-811ba000 ---p 811b7000 00:00 0 
811ba000-81208000 rwxp 811ba000 00:00 0 
81208000-8120b000 ---p 81208000 00:00 0 
8120b000-81289000 rwxp 8120b000 00:00 0 
81289000-8128c000 ---p 81289000 00:00 0 
8128c000-8130a000 rwxp 8128c000 00:00 0 
8130a000-8130d000 ---p 8130a000 00:00 0 
8130d000-8135b000 rwxp 8130d000 00:00 0 
8135b000-8135e000 ---p 8135b000 00:00 0 
8135e000-813ac000 rwxp 8135e000 00:00 0 
813ac000-813af000 ---p 813ac000 00:00 0 
813af000-813fd000 rwxp 813af000 00:00 0 
813fd000-81400000 ---p 813fd000 00:00 0 
81400000-8144e000 rwxp 81400000 00:00 0 
8144e000-81451000 ---p 8144e000 00:00 0 
81451000-8149f000 rwxp 81451000 00:00 0 
8149f000-814a2000 ---p 8149f000 00:00 0 
814a2000-814f0000 rwxp 814a2000 00:00 0 
814f0000-814f1000 ---p 814f0000 00:00 0 
814f1000-815a4000 rwxp 814f1000 00:00 0 
815a4000-81736000 r-xs 02f2c000 08:06 1043539    /usr/bin/jdk1.6.0_12/jre/lib/rt.jar
81736000-81737000 ---p 81736000 00:00 0 
81737000-817b7000 rwxp 81737000 00:00 0 
817b7000-817b8000 ---p 817b7000 00:00 0 
817b8000-81840000 rwxp 817b8000 00:00 0 
81840000-81858000 rwxp 81840000 00:00 0 
81858000-8186d000 rwxp 81858000 00:00 0 
8186d000-819a7000 rwxp 8186d000 00:00 0 
819a7000-819af000 rwxp 819a7000 00:00 0 
819af000-819c7000 rwxp 819af000 00:00 0 
819c7000-819dc000 rwxp 819c7000 00:00 0 
819dc000-81b15000 rwxp 819dc000 00:00 0 
81b15000-81b18000 rwxp 81b15000 00:00 0 
81b18000-81b3f000 rwxp 81b18000 00:00 0 
81b3f000-82b40000 rwxp 81b3f000 00:00 0 
82b40000-85b40000 rwxp 82b40000 00:00 0 
85b40000-88510000 rwxp 85b40000 00:00 0 
88510000-af7c0000 rwxp 88510000 00:00 0 
af7c0000-afcf0000 rwxp af7c0000 00:00 0 
afcf0000-b4b40000 rwxp afcf0000 00:00 0 
b4b47000-b4b50000 rwxp b4b47000 00:00 0 
b4b50000-b4c07000 rwxp b4b50000 00:00 0 
b4c07000-b4e47000 rwxp b4c07000 00:00 0 
b4e47000-b7c07000 rwxp b4e47000 00:00 0 
b7c07000-b7c16000 r-xp 00000000 08:06 75303      /usr/bin/jdk1.6.0_12/jre/lib/i386/libzip.so
b7c16000-b7c18000 rwxp 0000e000 08:06 75303      /usr/bin/jdk1.6.0_12/jre/lib/i386/libzip.so
b7c18000-b7c3b000 r-xp 00000000 08:06 75301      /usr/bin/jdk1.6.0_12/jre/lib/i386/libjava.so
b7c3b000-b7c3d000 rwxp 00023000 08:06 75301      /usr/bin/jdk1.6.0_12/jre/lib/i386/libjava.so
b7c3d000-b7c48000 r-xp 00000000 08:06 75300      /usr/bin/jdk1.6.0_12/jre/lib/i386/libverify.so
b7c48000-b7c49000 rwxp 0000b000 08:06 75300      /usr/bin/jdk1.6.0_12/jre/lib/i386/libverify.so
b7c49000-b7c53000 r-xp 00000000 08:06 440463     /lib/tls/i686/cmov/libnss_files-2.8.90.so
b7c53000-b7c54000 r-xp 00009000 08:06 440463     /lib/tls/i686/cmov/libnss_files-2.8.90.so
b7c54000-b7c55000 rwxp 0000a000 08:06 440463     /lib/tls/i686/cmov/libnss_files-2.8.90.so
b7c55000-b7c5e000 r-xp 00000000 08:06 440465     /lib/tls/i686/cmov/libnss_nis-2.8.90.so
b7c5e000-b7c5f000 r-xp 00008000 08:06 440465     /lib/tls/i686/cmov/libnss_nis-2.8.90.so
b7c5f000-b7c60000 rwxp 00009000 08:06 440465     /lib/tls/i686/cmov/libnss_nis-2.8.90.so
b7c60000-b7c67000 r-xp 00000000 08:06 440461     /lib/tls/i686/cmov/libnss_compat-2.8.90.so
b7c67000-b7c68000 r-xp 00006000 08:06 440461     /lib/tls/i686/cmov/libnss_compat-2.8.90.so
b7c68000-b7c69000 rwxp 00007000 08:06 440461     /lib/tls/i686/cmov/libnss_compat-2.8.90.so
b7c6a000-b7c6d000 r-xp 00000000 08:06 75428      /usr/bin/jdk1.6.0_12/jre/lib/i386/libdt_socket.so
b7c6d000-b7c6e000 rwxp 00003000 08:06 75428      /usr/bin/jdk1.6.0_12/jre/lib/i386/libdt_socket.so
b7c6e000-b7c76000 rwxs 00000000 08:06 521293     /tmp/hsperfdata_bharath/14407
b7c76000-b7cb5000 r-xp 00000000 08:06 1026759    /usr/lib/locale/en_US.utf8/LC_CTYPE
b7cb5000-b7cb6000 r-xp 00000000 08:06 1026764    /usr/lib/locale/en_US.utf8/LC_NUMERIC
b7cb6000-b7cb7000 r-xp 00000000 08:06 1026767    /usr/lib/locale/en_US.utf8/LC_TIME
b7cb7000-b7d98000 r-xp 00000000 08:06 1026758    /usr/lib/locale/en_US.utf8/LC_COLLATE
b7d98000-b7d99000 r-xp 00000000 08:06 1026762    /usr/lib/locale/en_US.utf8/LC_MONETARY
b7d99000-b7d9a000 r-xp 00000000 08:06 1026768    /usr/lib/locale/en_US.utf8/LC_MESSAGES/SYS_LC_MESSAGES
b7d9a000-b7dd3000 r-xp 00000000 08:06 75426      /usr/bin/jdk1.6.0_12/jre/lib/i386/libjdwp.so
b7dd3000-b7dd4000 rwxp 00039000 08:06 75426      /usr/bin/jdk1.6.0_12/jre/lib/i386/libjdwp.so
b7dd4000-b7de9000 r-xp 00000000 08:06 440460     /lib/tls/i686/cmov/libnsl-2.8.90.so
b7de9000-b7dea000 r-xp 00014000 08:06 440460     /lib/tls/i686/cmov/libnsl-2.8.90.so
b7dea000-b7deb000 rwxp 00015000 08:06 440460     /lib/tls/i686/cmov/libnsl-2.8.90.so
b7deb000-b7ded000 rwxp b7deb000 00:00 0 
b7ded000-b7dee000 r-xp 00000000 08:06 1026765    /usr/lib/locale/en_US.utf8/LC_PAPER
b7dee000-b7def000 r-xp 00000000 08:06 1026763    /usr/lib/locale/en_US.utf8/LC_NAME
b7def000-b7df0000 r-xp 00000000 08:06 1026757    /usr/lib/locale/en_US.utf8/LC_ADDRESS
b7df0000-b7df1000 r-xp 00000000 08:06 1026766    /usr/lib/locale/en_US.utf8/LC_TELEPHONE
b7df1000-b7df2000 r-xp 00000000 08:06 1026761    /usr/lib/locale/en_US.utf8/LC_MEASUREMENT
b7df2000-b7df9000 r-xs 00000000 08:06 1002737    /usr/lib/gconv/gconv-modules.cache
b7df9000-b7dfa000 r-xp 00000000 08:06 1026760    /usr/lib/locale/en_US.utf8/LC_IDENTIFICATION
b7dfa000-b7e01000 r-xp 00000000 08:06 440470     /lib/tls/i686/cmov/librt-2.8.90.so
b7e01000-b7e02000 r-xp 00007000 08:06 440470     /lib/tls/i686/cmov/librt-2.8.90.so
b7e02000-b7e03000 rwxp 00008000 08:06 440470     /lib/tls/i686/cmov/librt-2.8.90.so
b7e03000-b7e06000 ---p b7e03000 00:00 0 
b7e06000-b7e54000 rwxp b7e06000 00:00 0 
b7e54000-b7e78000 r-xp 00000000 08:06 440458     /lib/tls/i686/cmov/libm-2.8.90.so
b7e78000-b7e79000 r-xp 00023000 08:06 440458     /lib/tls/i686/cmov/libm-2.8.90.so
b7e79000-b7e7a000 rwxp 00024000 08:06 440458     /lib/tls/i686/cmov/libm-2.8.90.so
b7e7a000-b7e7b000 rwxp b7e7a000 00:00 0 
b7e7b000-b7fd3000 r-xp 00000000 08:06 440454     /lib/tls/i686/cmov/libc-2.8.90.so
b7fd3000-b7fd5000 r-xp 00158000 08:06 440454     /lib/tls/i686/cmov/libc-2.8.90.so
b7fd5000-b7fd6000 rwxp 0015a000 08:06 440454     /lib/tls/i686/cmov/libc-2.8.90.so
b7fd6000-b7fd9000 rwxp b7fd6000 00:00 0 
b7fd9000-b7fdb000 r-xp 00000000 08:06 440457     /lib/tls/i686/cmov/libdl-2.8.90.so
b7fdb000-b7fdc000 r-xp 00001000 08:06 440457     /lib/tls/i686/cmov/libdl-2.8.90.so
b7fdc000-b7fdd000 rwxp 00002000 08:06 440457     /lib/tls/i686/cmov/libdl-2.8.90.so
b7fdd000-b7fe4000 r-xp 00000000 08:06 90986      /usr/bin/jdk1.6.0_12/jre/lib/i386/jli/libjli.so
b7fe4000-b7fe6000 rwxp 00006000 08:06 90986      /usr/bin/jdk1.6.0_12/jre/lib/i386/jli/libjli.so
b7fe6000-b7fe7000 rwxp b7fe6000 00:00 0 
b7fe7000-b7ffc000 r-xp 00000000 08:06 440468     /lib/tls/i686/cmov/libpthread-2.8.90.so
b7ffc000-b7ffd000 r-xp 00014000 08:06 440468     /lib/tls/i686/cmov/libpthread-2.8.90.so
b7ffd000-b7ffe000 rwxp 00015000 08:06 440468     /lib/tls/i686/cmov/libpthread-2.8.90.so
b7ffe000-b8000000 rwxp b7ffe000 00:00 0 
b8000000-b8003000 r-xp 00000000 08:06 75304      /usr/bin/jdk1.6.0_12/jre/lib/i386/libnpt.so
b8003000-b8004000 rwxp 00002000 08:06 75304      /usr/bin/jdk1.6.0_12/jre/lib/i386/libnpt.so
b8004000-b800a000 r-xp 00000000 08:06 90307      /usr/bin/jdk1.6.0_12/jre/lib/i386/native_threads/libhpi.so
b800a000-b800b000 rwxp 00006000 08:06 90307      /usr/bin/jdk1.6.0_12/jre/lib/i386/native_threads/libhpi.so
b800b000-b800c000 rwxp b800b000 00:00 0 
b800c000-b800d000 r-xp b800c000 00:00 0 
b800d000-b800f000 rwxp b800d000 00:00 0 
b800f000-b8029000 r-xp 00000000 08:06 423500     /lib/ld-2.8.90.so
b8029000-b802a000 r-xp b8029000 00:00 0          [vdso]
b802a000-b802b000 r-xp 0001a000 08:06 423500     /lib/ld-2.8.90.so
b802b000-b802c000 rwxp 0001b000 08:06 423500     /lib/ld-2.8.90.so
bf916000-bf92b000 rwxp bffeb000 00:00 0          [stack]

VM Arguments:
jvm_args: -agentlib:jdwp=transport=dt_socket,suspend=y,address=localhost:47749 -Dfile.encoding=UTF-8 
java_command: RecoveryAgent 2 2
Launcher Type: SUN_STANDARD

Environment Variables:
JAVA_HOME=/usr/bin/jdk1.6.0_12
PATH=/usr/local/sbin:/usr/local/bin:/usr/sbin:/usr/bin:/sbin:/bin:/usr/games:/home/bharath/apps/RealPlayer/realplay:/home/bharath/apps/eclipse/:/usr/bin/jdk1.6.0_12/bin
USERNAME=bharath
LD_LIBRARY_PATH=/usr/bin/jdk1.6.0_12/jre/lib/i386/server:/usr/bin/jdk1.6.0_12/jre/lib/i386:/usr/bin/jdk1.6.0_12/jre/../lib/i386:/home/bharath/workspace/RsFusion
SHELL=/bin/bash
DISPLAY=:0.0

Signal Handlers:
SIGSEGV: [libjvm.so+0x6071f0], sa_mask[0]=0x7ffbfeff, sa_flags=0x10000004
SIGBUS: [libjvm.so+0x6071f0], sa_mask[0]=0x7ffbfeff, sa_flags=0x10000004
SIGFPE: [libjvm.so+0x5048b0], sa_mask[0]=0x7ffbfeff, sa_flags=0x10000004
SIGPIPE: [libjvm.so+0x5048b0], sa_mask[0]=0x7ffbfeff, sa_flags=0x10000004
SIGXFSZ: [libjvm.so+0x5048b0], sa_mask[0]=0x7ffbfeff, sa_flags=0x10000004
SIGILL: [libjvm.so+0x5048b0], sa_mask[0]=0x7ffbfeff, sa_flags=0x10000004
SIGUSR1: SIG_DFL, sa_mask[0]=0x00000000, sa_flags=0x00000000
SIGUSR2: [libjvm.so+0x506d80], sa_mask[0]=0x00000004, sa_flags=0x10000004
SIGHUP: [libjvm.so+0x506b20], sa_mask[0]=0x7ffbfeff, sa_flags=0x10000004
SIGINT: [libjvm.so+0x506b20], sa_mask[0]=0x7ffbfeff, sa_flags=0x10000004
SIGTERM: [libjvm.so+0x506b20], sa_mask[0]=0x7ffbfeff, sa_flags=0x10000004
SIGQUIT: [libjvm.so+0x506b20], sa_mask[0]=0x7ffbfeff, sa_flags=0x10000004


---------------  S Y S T E M  ---------------

OS:lenny/sid

uname:Linux 2.6.27-11-generic #1 SMP Thu Jan 29 19:24:39 UTC 2009 i686
libc:glibc 2.8.90 NPTL 2.8.90 
rlimit: STACK 8192k, CORE 0k, NPROC 24301, NOFILE 1024, AS infinity
load average:0.21 0.27 0.26

CPU:total 2 (2 cores per cpu, 1 threads per core) family 6 model 7 stepping 10, cmov, cx8, fxsr, mmx, sse, sse2, sse3, ssse3

Memory: 4k page, physical 3077400k(1817452k free), swap 3020180k(3020180k free)

vm_info: Java HotSpot(TM) Server VM (11.2-b01) for linux-x86 JRE (1.6.0_12-b04), built on Jan 17 2009 01:47:24 by "java_re" with gcc 3.2.1-7a (J2SE release)

time: Sat Apr 11 17:56:52 2009
elapsed time: 79 seconds

