#
# An unexpected error has been detected by Java Runtime Environment:
#
#  SIGSEGV (0xb) at pc=0x810079b3, pid=26495, tid=3076180880
#
# Java VM: Java HotSpot(TM) Server VM (11.2-b01 mixed mode linux-x86)
# Problematic frame:
# C  [libCReedInterface.so+0x39b3]  Java_JavaReedInterface_cauchyRecover+0x516
#
# If you would like to submit a bug report, please visit:
#   http://java.sun.com/webapps/bugreport/crash.jsp
# The crash happened outside the Java Virtual Machine in native code.
# See problematic frame for where to report the bug.
#

---------------  T H R E A D  ---------------

Current thread (0x087ba400):  JavaThread "main" [_thread_in_native, id=26496, stack(0xb755c000,0xb75ad000)]

siginfo:si_signo=SIGSEGV: si_errno=0, si_code=1 (SEGV_MAPERR), si_addr=0x0000001a

Registers:
EAX=0x0000001a, EBX=0x8100fff4, ECX=0x087b524c, EDX=0x0000001a
ESP=0xb75abf10, EBP=0xb75abf88, ESI=0x08873cd8, EDI=0x087ba400
EIP=0x810079b3, CR2=0x0000001a, EFLAGS=0x00210206

Top of Stack: (sp=0xb75abf10)
0xb75abf10:   8100e327 0000001b 08873c88 08873d40
0xb75abf20:   00000000 08873e20 08873cd0 08873c58
0xb75abf30:   0000000c 00000004 b75abf4f 087ba400
0xb75abf40:   00000000 087baca4 087baca8 007baca4
0xb75abf50:   087b5240 08873e20 08873d40 08873d30
0xb75abf60:   08873cd0 08873ca8 08873c98 08873c58
0xb75abf70:   0000001e 08873780 00000000 00000001
0xb75abf80:   819b2678 819b2674 b75abfe4 b44e24aa 

Instructions: (pc=0x810079b3)
0x810079a3:   45 d8 8b 00 89 c2 8b 45 f0 0f af 45 1c 8d 04 02
0x810079b3:   8b 00 89 01 8b 45 18 0f af 45 f4 03 45 f0 c1 e0 

Stack: [0xb755c000,0xb75ad000],  sp=0xb75abf10,  free space=319k
Native frames: (J=compiled Java code, j=interpreted, Vv=VM code, C=native code)
C  [libCReedInterface.so+0x39b3]  Java_JavaReedInterface_cauchyRecover+0x516
j  JavaReedInterface.cauchyRecover(IIII[I[I[I[I)[I+0
j  Test.main([Ljava/lang/String;)V+437
v  ~StubRoutines::call_stub
V  [libjvm.so+0x375c9d]
V  [libjvm.so+0x5057f8]
V  [libjvm.so+0x375b30]
V  [libjvm.so+0x39f2e6]
V  [libjvm.so+0x390ae8]
C  [java+0x1b98]  JavaMain+0x2c8
C  [libpthread.so.0+0x64ff]

Java frames: (J=compiled Java code, j=interpreted, Vv=VM code)
j  JavaReedInterface.cauchyRecover(IIII[I[I[I[I)[I+0
j  Test.main([Ljava/lang/String;)V+437
v  ~StubRoutines::call_stub

---------------  P R O C E S S  ---------------

Java Threads: ( => current thread )
  0x08859c00 JavaThread "Low Memory Detector" daemon [_thread_blocked, id=26505, stack(0x80e2e000,0x80e7f000)]
  0x08857800 JavaThread "CompilerThread1" daemon [_thread_blocked, id=26504, stack(0x80e7f000,0x80f00000)]
  0x08856000 JavaThread "CompilerThread0" daemon [_thread_blocked, id=26503, stack(0x81011000,0x81092000)]
  0x08854400 JavaThread "Signal Dispatcher" daemon [_thread_blocked, id=26502, stack(0x81092000,0x810e3000)]
  0x08843800 JavaThread "Finalizer" daemon [_thread_blocked, id=26501, stack(0x81122000,0x81173000)]
  0x0883ec00 JavaThread "Reference Handler" daemon [_thread_blocked, id=26500, stack(0x81173000,0x811c4000)]
=>0x087ba400 JavaThread "main" [_thread_in_native, id=26496, stack(0xb755c000,0xb75ad000)]

Other Threads:
  0x0883b400 VMThread [stack: 0x811c4000,0x81245000] [id=26499]
  0x0885b800 WatcherThread [stack: 0x80dad000,0x80e2e000] [id=26506]

VM state:not at safepoint (normal execution)

VM Mutex/Monitor currently owned by a thread: None

Heap
 PSYoungGen      total 4672K, used 209K [0xaf100000, 0xaf630000, 0xb4410000)
  eden space 4032K, 5% used [0xaf100000,0xaf1345d0,0xaf4f0000)
  from space 640K, 0% used [0xaf590000,0xaf590000,0xaf630000)
  to   space 640K, 0% used [0xaf4f0000,0xaf4f0000,0xaf590000)
 PSOldGen        total 42560K, used 0K [0x85810000, 0x881a0000, 0xaf100000)
  object space 42560K, 0% used [0x85810000,0x85810000,0x881a0000)
 PSPermGen       total 16384K, used 1685K [0x81810000, 0x82810000, 0x85810000)
  object space 16384K, 10% used [0x81810000,0x819b5740,0x82810000)

Dynamic libraries:
06000000-06676000 r-xp 00000000 08:06 90312      /usr/bin/jdk1.6.0_12/jre/lib/i386/server/libjvm.so
06676000-066bb000 rwxp 00675000 08:06 90312      /usr/bin/jdk1.6.0_12/jre/lib/i386/server/libjvm.so
066bb000-06add000 rwxp 066bb000 00:00 0 
08048000-08052000 r-xp 00000000 08:06 117003     /usr/bin/jdk1.6.0_12/bin/java
08052000-08053000 rwxp 00009000 08:06 117003     /usr/bin/jdk1.6.0_12/bin/java
087b5000-08890000 rwxp 087b5000 00:00 0          [heap]
80dad000-80dae000 ---p 80dad000 00:00 0 
80dae000-80e2e000 rwxp 80dae000 00:00 0 
80e2e000-80e31000 ---p 80e2e000 00:00 0 
80e31000-80e7f000 rwxp 80e31000 00:00 0 
80e7f000-80e82000 ---p 80e7f000 00:00 0 
80e82000-80f00000 rwxp 80e82000 00:00 0 
80f00000-80f21000 rwxp 80f00000 00:00 0 
80f21000-81000000 ---p 80f21000 00:00 0 
81004000-8100f000 r-xp 00000000 08:06 719193     /home/bharath/academics/FusibleDataStructures/ieeetrans/code/libCReedInterface.so
8100f000-81010000 r-xp 0000a000 08:06 719193     /home/bharath/academics/FusibleDataStructures/ieeetrans/code/libCReedInterface.so
81010000-81011000 rwxp 0000b000 08:06 719193     /home/bharath/academics/FusibleDataStructures/ieeetrans/code/libCReedInterface.so
81011000-81014000 ---p 81011000 00:00 0 
81014000-81092000 rwxp 81014000 00:00 0 
81092000-81095000 ---p 81092000 00:00 0 
81095000-810e3000 rwxp 81095000 00:00 0 
810e3000-81122000 r-xp 00000000 08:06 296463     /usr/lib/locale/en_US.utf8/LC_CTYPE
81122000-81125000 ---p 81122000 00:00 0 
81125000-81173000 rwxp 81125000 00:00 0 
81173000-81176000 ---p 81173000 00:00 0 
81176000-811c4000 rwxp 81176000 00:00 0 
811c4000-811c5000 ---p 811c4000 00:00 0 
811c5000-81278000 rwxp 811c5000 00:00 0 
81278000-8140a000 r-xs 02f2c000 08:06 1043539    /usr/bin/jdk1.6.0_12/jre/lib/rt.jar
8140a000-8140b000 ---p 8140a000 00:00 0 
8140b000-8148b000 rwxp 8140b000 00:00 0 
8148b000-8148c000 ---p 8148b000 00:00 0 
8148c000-81514000 rwxp 8148c000 00:00 0 
81514000-8152c000 rwxp 81514000 00:00 0 
8152c000-81541000 rwxp 8152c000 00:00 0 
81541000-81679000 rwxp 81541000 00:00 0 
81679000-81681000 rwxp 81679000 00:00 0 
81681000-81699000 rwxp 81681000 00:00 0 
81699000-816ae000 rwxp 81699000 00:00 0 
816ae000-817e5000 rwxp 816ae000 00:00 0 
817e5000-817e9000 rwxp 817e5000 00:00 0 
817e9000-8180f000 rwxp 817e9000 00:00 0 
8180f000-82810000 rwxp 8180f000 00:00 0 
82810000-85810000 rwxp 82810000 00:00 0 
85810000-881a0000 rwxp 85810000 00:00 0 
881a0000-af100000 rwxp 881a0000 00:00 0 
af100000-af630000 rwxp af100000 00:00 0 
af630000-b4410000 rwxp af630000 00:00 0 
b4411000-b4418000 r-xs 00000000 08:06 1001829    /usr/lib/gconv/gconv-modules.cache
b4418000-b4421000 rwxp b4418000 00:00 0 
b4421000-b44d8000 rwxp b4421000 00:00 0 
b44d8000-b4718000 rwxp b44d8000 00:00 0 
b4718000-b74d8000 rwxp b4718000 00:00 0 
b74d8000-b74e7000 r-xp 00000000 08:06 75303      /usr/bin/jdk1.6.0_12/jre/lib/i386/libzip.so
b74e7000-b74e9000 rwxp 0000e000 08:06 75303      /usr/bin/jdk1.6.0_12/jre/lib/i386/libzip.so
b74e9000-b750c000 r-xp 00000000 08:06 75301      /usr/bin/jdk1.6.0_12/jre/lib/i386/libjava.so
b750c000-b750e000 rwxp 00023000 08:06 75301      /usr/bin/jdk1.6.0_12/jre/lib/i386/libjava.so
b750e000-b7518000 r-xp 00000000 08:06 439848     /lib/tls/i686/cmov/libnss_files-2.9.so
b7518000-b7519000 r-xp 00009000 08:06 439848     /lib/tls/i686/cmov/libnss_files-2.9.so
b7519000-b751a000 rwxp 0000a000 08:06 439848     /lib/tls/i686/cmov/libnss_files-2.9.so
b751a000-b7523000 r-xp 00000000 08:06 439851     /lib/tls/i686/cmov/libnss_nis-2.9.so
b7523000-b7524000 r-xp 00008000 08:06 439851     /lib/tls/i686/cmov/libnss_nis-2.9.so
b7524000-b7525000 rwxp 00009000 08:06 439851     /lib/tls/i686/cmov/libnss_nis-2.9.so
b7525000-b753a000 r-xp 00000000 08:06 439845     /lib/tls/i686/cmov/libnsl-2.9.so
b753a000-b753b000 r-xp 00014000 08:06 439845     /lib/tls/i686/cmov/libnsl-2.9.so
b753b000-b753c000 rwxp 00015000 08:06 439845     /lib/tls/i686/cmov/libnsl-2.9.so
b753c000-b753e000 rwxp b753c000 00:00 0 
b753f000-b754a000 r-xp 00000000 08:06 75300      /usr/bin/jdk1.6.0_12/jre/lib/i386/libverify.so
b754a000-b754b000 rwxp 0000b000 08:06 75300      /usr/bin/jdk1.6.0_12/jre/lib/i386/libverify.so
b754b000-b7553000 rwxs 00000000 08:06 720156     /tmp/hsperfdata_bharath/26495
b7553000-b755a000 r-xp 00000000 08:06 439856     /lib/tls/i686/cmov/librt-2.9.so
b755a000-b755b000 r-xp 00006000 08:06 439856     /lib/tls/i686/cmov/librt-2.9.so
b755b000-b755c000 rwxp 00007000 08:06 439856     /lib/tls/i686/cmov/librt-2.9.so
b755c000-b755f000 ---p b755c000 00:00 0 
b755f000-b75ad000 rwxp b755f000 00:00 0 
b75ad000-b75d1000 r-xp 00000000 08:06 439843     /lib/tls/i686/cmov/libm-2.9.so
b75d1000-b75d2000 r-xp 00023000 08:06 439843     /lib/tls/i686/cmov/libm-2.9.so
b75d2000-b75d3000 rwxp 00024000 08:06 439843     /lib/tls/i686/cmov/libm-2.9.so
b75d3000-b75d4000 rwxp b75d3000 00:00 0 
b75d4000-b7730000 r-xp 00000000 08:06 439835     /lib/tls/i686/cmov/libc-2.9.so
b7730000-b7731000 ---p 0015c000 08:06 439835     /lib/tls/i686/cmov/libc-2.9.so
b7731000-b7733000 r-xp 0015c000 08:06 439835     /lib/tls/i686/cmov/libc-2.9.so
b7733000-b7734000 rwxp 0015e000 08:06 439835     /lib/tls/i686/cmov/libc-2.9.so
b7734000-b7737000 rwxp b7734000 00:00 0 
b7737000-b7739000 r-xp 00000000 08:06 439838     /lib/tls/i686/cmov/libdl-2.9.so
b7739000-b773a000 r-xp 00001000 08:06 439838     /lib/tls/i686/cmov/libdl-2.9.so
b773a000-b773b000 rwxp 00002000 08:06 439838     /lib/tls/i686/cmov/libdl-2.9.so
b773b000-b7742000 r-xp 00000000 08:06 90986      /usr/bin/jdk1.6.0_12/jre/lib/i386/jli/libjli.so
b7742000-b7744000 rwxp 00006000 08:06 90986      /usr/bin/jdk1.6.0_12/jre/lib/i386/jli/libjli.so
b7744000-b7745000 rwxp b7744000 00:00 0 
b7745000-b775a000 r-xp 00000000 08:06 439854     /lib/tls/i686/cmov/libpthread-2.9.so
b775a000-b775b000 r-xp 00014000 08:06 439854     /lib/tls/i686/cmov/libpthread-2.9.so
b775b000-b775c000 rwxp 00015000 08:06 439854     /lib/tls/i686/cmov/libpthread-2.9.so
b775c000-b775e000 rwxp b775c000 00:00 0 
b7760000-b7761000 rwxp b7760000 00:00 0 
b7761000-b7768000 r-xp 00000000 08:06 439846     /lib/tls/i686/cmov/libnss_compat-2.9.so
b7768000-b7769000 r-xp 00006000 08:06 439846     /lib/tls/i686/cmov/libnss_compat-2.9.so
b7769000-b776a000 rwxp 00007000 08:06 439846     /lib/tls/i686/cmov/libnss_compat-2.9.so
b776a000-b7770000 r-xp 00000000 08:06 90307      /usr/bin/jdk1.6.0_12/jre/lib/i386/native_threads/libhpi.so
b7770000-b7771000 rwxp 00006000 08:06 90307      /usr/bin/jdk1.6.0_12/jre/lib/i386/native_threads/libhpi.so
b7771000-b7772000 rwxp b7771000 00:00 0 
b7772000-b7773000 r-xp b7772000 00:00 0 
b7773000-b7775000 rwxp b7773000 00:00 0 
b7775000-b7776000 r-xp b7775000 00:00 0          [vdso]
b7776000-b7792000 r-xp 00000000 08:06 423507     /lib/ld-2.9.so
b7792000-b7793000 r-xp 0001b000 08:06 423507     /lib/ld-2.9.so
b7793000-b7794000 rwxp 0001c000 08:06 423507     /lib/ld-2.9.so
bfc32000-bfc47000 rwxp bffea000 00:00 0          [stack]

VM Arguments:
java_command: Test
Launcher Type: SUN_STANDARD

Environment Variables:
JAVA_HOME=/usr/bin/jdk1.6.0_12
PATH=/usr/local/sbin:/usr/local/bin:/usr/sbin:/usr/bin:/sbin:/bin:/usr/games:/home/bharath/apps/RealPlayer/realplay:/home/bharath/apps/eclipse/:/usr/bin/jdk1.6.0_12/bin:/usr/bin/apache-ant-1.8.2/bin
LD_LIBRARY_PATH=/usr/bin/jdk1.6.0_12/jre/lib/i386/server:/usr/bin/jdk1.6.0_12/jre/lib/i386:/usr/bin/jdk1.6.0_12/jre/../lib/i386:/home/bharath/academics/FusibleDataStructures/ieeetrans/code/
SHELL=/bin/bash
DISPLAY=:0.0

Signal Handlers:
SIGSEGV: [libjvm.so+0x6071f0], sa_mask[0]=0x7ffbfeff, sa_flags=0x10000004
SIGBUS: [libjvm.so+0x6071f0], sa_mask[0]=0x7ffbfeff, sa_flags=0x10000004
SIGFPE: [libjvm.so+0x5048b0], sa_mask[0]=0x7ffbfeff, sa_flags=0x10000004
SIGPIPE: [libjvm.so+0x5048b0], sa_mask[0]=0x7ffbfeff, sa_flags=0x10000004
SIGXFSZ: [libjvm.so+0x5048b0], sa_mask[0]=0x7ffbfeff, sa_flags=0x10000004
SIGILL: [libjvm.so+0x5048b0], sa_mask[0]=0x7ffbfeff, sa_flags=0x10000004
SIGUSR1: SIG_DFL, sa_mask[0]=0x00000000, sa_flags=0x00000000
SIGUSR2: [libjvm.so+0x506d80], sa_mask[0]=0x00000000, sa_flags=0x10000004
SIGHUP: [libjvm.so+0x506b20], sa_mask[0]=0x7ffbfeff, sa_flags=0x10000004
SIGINT: [libjvm.so+0x506b20], sa_mask[0]=0x7ffbfeff, sa_flags=0x10000004
SIGTERM: [libjvm.so+0x506b20], sa_mask[0]=0x7ffbfeff, sa_flags=0x10000004
SIGQUIT: [libjvm.so+0x506b20], sa_mask[0]=0x7ffbfeff, sa_flags=0x10000004


---------------  S Y S T E M  ---------------

OS:5.0

uname:Linux 2.6.28-19-generic #66-Ubuntu SMP Sat Oct 16 17:39:04 UTC 2010 i686
libc:glibc 2.9 NPTL 2.9 
rlimit: STACK 8192k, CORE 0k, NPROC infinity, NOFILE 1024, AS infinity
load average:0.00 0.05 0.10

CPU:total 2 (2 cores per cpu, 1 threads per core) family 6 model 7 stepping 10, cmov, cx8, fxsr, mmx, sse, sse2, sse3, ssse3

Memory: 4k page, physical 3062464k(1092172k free), swap 3020180k(1717420k free)

vm_info: Java HotSpot(TM) Server VM (11.2-b01) for linux-x86 JRE (1.6.0_12-b04), built on Jan 17 2009 01:47:24 by "java_re" with gcc 3.2.1-7a (J2SE release)

time: Thu Aug 11 16:44:13 2011
elapsed time: 0 seconds

