#
# An unexpected error has been detected by Java Runtime Environment:
#
#  SIGSEGV (0xb) at pc=0x811169b3, pid=26483, tid=3077634960
#
# Java VM: Java HotSpot(TM) Server VM (11.2-b01 mixed mode linux-x86)
# Problematic frame:
# C  [libCReedInterface.so+0x39b3]  Java_JavaReedInterface_cauchyRecover+0x516
#
# If you would like to submit a bug report, please visit:
#   http://java.sun.com/webapps/bugreport/crash.jsp
# The crash happened outside the Java Virtual Machine in native code.
# See problematic frame for where to report the bug.
#

---------------  T H R E A D  ---------------

Current thread (0x0955f400):  JavaThread "main" [_thread_in_native, id=26484, stack(0xb76bf000,0xb7710000)]

siginfo:si_signo=SIGSEGV: si_errno=0, si_code=1 (SEGV_MAPERR), si_addr=0x0000001a

Registers:
EAX=0x0000001a, EBX=0x8111eff4, ECX=0x8101ceec, EDX=0x0000001a
ESP=0xb770ef10, EBP=0xb770ef88, ESI=0x8101cd78, EDI=0x0955f400
EIP=0x811169b3, CR2=0x0000001a, EFLAGS=0x00210286

Top of Stack: (sp=0xb770ef10)
0xb770ef10:   8111d327 0000001b 8101cd28 8101cde0
0xb770ef20:   00000000 8101cec0 8101cd70 8101ccf8
0xb770ef30:   0000000c 00000004 b770ef4f 0955f400
0xb770ef40:   00000000 0955fca4 0955fca8 0055fca4
0xb770ef50:   8101cee0 8101cec0 8101cde0 8101cdd0
0xb770ef60:   8101cd70 8101cd48 8101cd38 8101ccf8
0xb770ef70:   0000001e 8101c810 00000000 00000001
0xb770ef80:   81b12678 81b12674 b770efe4 b46454aa 

Instructions: (pc=0x811169b3)
0x811169a3:   45 d8 8b 00 89 c2 8b 45 f0 0f af 45 1c 8d 04 02
0x811169b3:   8b 00 89 01 8b 45 18 0f af 45 f4 03 45 f0 c1 e0 

Stack: [0xb76bf000,0xb7710000],  sp=0xb770ef10,  free space=319k
Native frames: (J=compiled Java code, j=interpreted, Vv=VM code, C=native code)
C  [libCReedInterface.so+0x39b3]  Java_JavaReedInterface_cauchyRecover+0x516
j  JavaReedInterface.cauchyRecover(IIII[I[I[I[I)[I+0
j  Test.main([Ljava/lang/String;)V+437
v  ~StubRoutines::call_stub
V  [libjvm.so+0x375c9d]
V  [libjvm.so+0x5057f8]
V  [libjvm.so+0x375b30]
V  [libjvm.so+0x39f2e6]
V  [libjvm.so+0x390ae8]
C  [java+0x1b98]  JavaMain+0x2c8
C  [libpthread.so.0+0x64ff]

Java frames: (J=compiled Java code, j=interpreted, Vv=VM code)
j  JavaReedInterface.cauchyRecover(IIII[I[I[I[I)[I+0
j  Test.main([Ljava/lang/String;)V+437
v  ~StubRoutines::call_stub

---------------  P R O C E S S  ---------------

Java Threads: ( => current thread )
  0x81002800 JavaThread "Low Memory Detector" daemon [_thread_blocked, id=26493, stack(0x81120000,0x81171000)]
  0x095fc800 JavaThread "CompilerThread1" daemon [_thread_blocked, id=26492, stack(0x80f7f000,0x81000000)]
  0x095fb000 JavaThread "CompilerThread0" daemon [_thread_blocked, id=26491, stack(0x81171000,0x811f2000)]
  0x095f9400 JavaThread "Signal Dispatcher" daemon [_thread_blocked, id=26490, stack(0x811f2000,0x81243000)]
  0x095e8800 JavaThread "Finalizer" daemon [_thread_blocked, id=26489, stack(0x81282000,0x812d3000)]
  0x095e3c00 JavaThread "Reference Handler" daemon [_thread_blocked, id=26488, stack(0x812d3000,0x81324000)]
=>0x0955f400 JavaThread "main" [_thread_in_native, id=26484, stack(0xb76bf000,0xb7710000)]

Other Threads:
  0x095e0400 VMThread [stack: 0x81324000,0x813a5000] [id=26487]
  0x81004800 WatcherThread [stack: 0x80efe000,0x80f7f000] [id=26494]

VM state:not at safepoint (normal execution)

VM Mutex/Monitor currently owned by a thread: None

Heap
 PSYoungGen      total 4672K, used 209K [0xaf260000, 0xaf790000, 0xb4570000)
  eden space 4032K, 5% used [0xaf260000,0xaf2945d0,0xaf650000)
  from space 640K, 0% used [0xaf6f0000,0xaf6f0000,0xaf790000)
  to   space 640K, 0% used [0xaf650000,0xaf650000,0xaf6f0000)
 PSOldGen        total 42560K, used 0K [0x85970000, 0x88300000, 0xaf260000)
  object space 42560K, 0% used [0x85970000,0x85970000,0x88300000)
 PSPermGen       total 16384K, used 1685K [0x81970000, 0x82970000, 0x85970000)
  object space 16384K, 10% used [0x81970000,0x81b15740,0x82970000)

Dynamic libraries:
06000000-06676000 r-xp 00000000 08:06 90312      /usr/bin/jdk1.6.0_12/jre/lib/i386/server/libjvm.so
06676000-066bb000 rwxp 00675000 08:06 90312      /usr/bin/jdk1.6.0_12/jre/lib/i386/server/libjvm.so
066bb000-06add000 rwxp 066bb000 00:00 0 
08048000-08052000 r-xp 00000000 08:06 117003     /usr/bin/jdk1.6.0_12/bin/java
08052000-08053000 rwxp 00009000 08:06 117003     /usr/bin/jdk1.6.0_12/bin/java
0955a000-09611000 rwxp 0955a000 00:00 0          [heap]
80efe000-80eff000 ---p 80efe000 00:00 0 
80eff000-80f7f000 rwxp 80eff000 00:00 0 
80f7f000-80f82000 ---p 80f7f000 00:00 0 
80f82000-81000000 rwxp 80f82000 00:00 0 
81000000-81021000 rwxp 81000000 00:00 0 
81021000-81100000 ---p 81021000 00:00 0 
81113000-8111e000 r-xp 00000000 08:06 719193     /home/bharath/academics/FusibleDataStructures/ieeetrans/code/libCReedInterface.so
8111e000-8111f000 r-xp 0000a000 08:06 719193     /home/bharath/academics/FusibleDataStructures/ieeetrans/code/libCReedInterface.so
8111f000-81120000 rwxp 0000b000 08:06 719193     /home/bharath/academics/FusibleDataStructures/ieeetrans/code/libCReedInterface.so
81120000-81123000 ---p 81120000 00:00 0 
81123000-81171000 rwxp 81123000 00:00 0 
81171000-81174000 ---p 81171000 00:00 0 
81174000-811f2000 rwxp 81174000 00:00 0 
811f2000-811f5000 ---p 811f2000 00:00 0 
811f5000-81243000 rwxp 811f5000 00:00 0 
81243000-81282000 r-xp 00000000 08:06 296463     /usr/lib/locale/en_US.utf8/LC_CTYPE
81282000-81285000 ---p 81282000 00:00 0 
81285000-812d3000 rwxp 81285000 00:00 0 
812d3000-812d6000 ---p 812d3000 00:00 0 
812d6000-81324000 rwxp 812d6000 00:00 0 
81324000-81325000 ---p 81324000 00:00 0 
81325000-813d8000 rwxp 81325000 00:00 0 
813d8000-8156a000 r-xs 02f2c000 08:06 1043539    /usr/bin/jdk1.6.0_12/jre/lib/rt.jar
8156a000-8156b000 ---p 8156a000 00:00 0 
8156b000-815eb000 rwxp 8156b000 00:00 0 
815eb000-815ec000 ---p 815eb000 00:00 0 
815ec000-81674000 rwxp 815ec000 00:00 0 
81674000-8168c000 rwxp 81674000 00:00 0 
8168c000-816a1000 rwxp 8168c000 00:00 0 
816a1000-817d9000 rwxp 816a1000 00:00 0 
817d9000-817e1000 rwxp 817d9000 00:00 0 
817e1000-817f9000 rwxp 817e1000 00:00 0 
817f9000-8180e000 rwxp 817f9000 00:00 0 
8180e000-81945000 rwxp 8180e000 00:00 0 
81945000-81949000 rwxp 81945000 00:00 0 
81949000-8196f000 rwxp 81949000 00:00 0 
8196f000-82970000 rwxp 8196f000 00:00 0 
82970000-85970000 rwxp 82970000 00:00 0 
85970000-88300000 rwxp 85970000 00:00 0 
88300000-af260000 rwxp 88300000 00:00 0 
af260000-af790000 rwxp af260000 00:00 0 
af790000-b4570000 rwxp af790000 00:00 0 
b4574000-b457b000 r-xs 00000000 08:06 1001829    /usr/lib/gconv/gconv-modules.cache
b457b000-b4584000 rwxp b457b000 00:00 0 
b4584000-b463b000 rwxp b4584000 00:00 0 
b463b000-b487b000 rwxp b463b000 00:00 0 
b487b000-b763b000 rwxp b487b000 00:00 0 
b763b000-b764a000 r-xp 00000000 08:06 75303      /usr/bin/jdk1.6.0_12/jre/lib/i386/libzip.so
b764a000-b764c000 rwxp 0000e000 08:06 75303      /usr/bin/jdk1.6.0_12/jre/lib/i386/libzip.so
b764c000-b766f000 r-xp 00000000 08:06 75301      /usr/bin/jdk1.6.0_12/jre/lib/i386/libjava.so
b766f000-b7671000 rwxp 00023000 08:06 75301      /usr/bin/jdk1.6.0_12/jre/lib/i386/libjava.so
b7671000-b767b000 r-xp 00000000 08:06 439848     /lib/tls/i686/cmov/libnss_files-2.9.so
b767b000-b767c000 r-xp 00009000 08:06 439848     /lib/tls/i686/cmov/libnss_files-2.9.so
b767c000-b767d000 rwxp 0000a000 08:06 439848     /lib/tls/i686/cmov/libnss_files-2.9.so
b767d000-b7686000 r-xp 00000000 08:06 439851     /lib/tls/i686/cmov/libnss_nis-2.9.so
b7686000-b7687000 r-xp 00008000 08:06 439851     /lib/tls/i686/cmov/libnss_nis-2.9.so
b7687000-b7688000 rwxp 00009000 08:06 439851     /lib/tls/i686/cmov/libnss_nis-2.9.so
b7688000-b769d000 r-xp 00000000 08:06 439845     /lib/tls/i686/cmov/libnsl-2.9.so
b769d000-b769e000 r-xp 00014000 08:06 439845     /lib/tls/i686/cmov/libnsl-2.9.so
b769e000-b769f000 rwxp 00015000 08:06 439845     /lib/tls/i686/cmov/libnsl-2.9.so
b769f000-b76a1000 rwxp b769f000 00:00 0 
b76a2000-b76ad000 r-xp 00000000 08:06 75300      /usr/bin/jdk1.6.0_12/jre/lib/i386/libverify.so
b76ad000-b76ae000 rwxp 0000b000 08:06 75300      /usr/bin/jdk1.6.0_12/jre/lib/i386/libverify.so
b76ae000-b76b6000 rwxs 00000000 08:06 720156     /tmp/hsperfdata_bharath/26483
b76b6000-b76bd000 r-xp 00000000 08:06 439856     /lib/tls/i686/cmov/librt-2.9.so
b76bd000-b76be000 r-xp 00006000 08:06 439856     /lib/tls/i686/cmov/librt-2.9.so
b76be000-b76bf000 rwxp 00007000 08:06 439856     /lib/tls/i686/cmov/librt-2.9.so
b76bf000-b76c2000 ---p b76bf000 00:00 0 
b76c2000-b7710000 rwxp b76c2000 00:00 0 
b7710000-b7734000 r-xp 00000000 08:06 439843     /lib/tls/i686/cmov/libm-2.9.so
b7734000-b7735000 r-xp 00023000 08:06 439843     /lib/tls/i686/cmov/libm-2.9.so
b7735000-b7736000 rwxp 00024000 08:06 439843     /lib/tls/i686/cmov/libm-2.9.so
b7736000-b7737000 rwxp b7736000 00:00 0 
b7737000-b7893000 r-xp 00000000 08:06 439835     /lib/tls/i686/cmov/libc-2.9.so
b7893000-b7894000 ---p 0015c000 08:06 439835     /lib/tls/i686/cmov/libc-2.9.so
b7894000-b7896000 r-xp 0015c000 08:06 439835     /lib/tls/i686/cmov/libc-2.9.so
b7896000-b7897000 rwxp 0015e000 08:06 439835     /lib/tls/i686/cmov/libc-2.9.so
b7897000-b789a000 rwxp b7897000 00:00 0 
b789a000-b789c000 r-xp 00000000 08:06 439838     /lib/tls/i686/cmov/libdl-2.9.so
b789c000-b789d000 r-xp 00001000 08:06 439838     /lib/tls/i686/cmov/libdl-2.9.so
b789d000-b789e000 rwxp 00002000 08:06 439838     /lib/tls/i686/cmov/libdl-2.9.so
b789e000-b78a5000 r-xp 00000000 08:06 90986      /usr/bin/jdk1.6.0_12/jre/lib/i386/jli/libjli.so
b78a5000-b78a7000 rwxp 00006000 08:06 90986      /usr/bin/jdk1.6.0_12/jre/lib/i386/jli/libjli.so
b78a7000-b78a8000 rwxp b78a7000 00:00 0 
b78a8000-b78bd000 r-xp 00000000 08:06 439854     /lib/tls/i686/cmov/libpthread-2.9.so
b78bd000-b78be000 r-xp 00014000 08:06 439854     /lib/tls/i686/cmov/libpthread-2.9.so
b78be000-b78bf000 rwxp 00015000 08:06 439854     /lib/tls/i686/cmov/libpthread-2.9.so
b78bf000-b78c1000 rwxp b78bf000 00:00 0 
b78c3000-b78c4000 rwxp b78c3000 00:00 0 
b78c4000-b78cb000 r-xp 00000000 08:06 439846     /lib/tls/i686/cmov/libnss_compat-2.9.so
b78cb000-b78cc000 r-xp 00006000 08:06 439846     /lib/tls/i686/cmov/libnss_compat-2.9.so
b78cc000-b78cd000 rwxp 00007000 08:06 439846     /lib/tls/i686/cmov/libnss_compat-2.9.so
b78cd000-b78d3000 r-xp 00000000 08:06 90307      /usr/bin/jdk1.6.0_12/jre/lib/i386/native_threads/libhpi.so
b78d3000-b78d4000 rwxp 00006000 08:06 90307      /usr/bin/jdk1.6.0_12/jre/lib/i386/native_threads/libhpi.so
b78d4000-b78d5000 rwxp b78d4000 00:00 0 
b78d5000-b78d6000 r-xp b78d5000 00:00 0 
b78d6000-b78d8000 rwxp b78d6000 00:00 0 
b78d8000-b78d9000 r-xp b78d8000 00:00 0          [vdso]
b78d9000-b78f5000 r-xp 00000000 08:06 423507     /lib/ld-2.9.so
b78f5000-b78f6000 r-xp 0001b000 08:06 423507     /lib/ld-2.9.so
b78f6000-b78f7000 rwxp 0001c000 08:06 423507     /lib/ld-2.9.so
bfbf1000-bfc06000 rwxp bffea000 00:00 0          [stack]

VM Arguments:
java_command: Test
Launcher Type: SUN_STANDARD

Environment Variables:
JAVA_HOME=/usr/bin/jdk1.6.0_12
PATH=/usr/local/sbin:/usr/local/bin:/usr/sbin:/usr/bin:/sbin:/bin:/usr/games:/home/bharath/apps/RealPlayer/realplay:/home/bharath/apps/eclipse/:/usr/bin/jdk1.6.0_12/bin:/usr/bin/apache-ant-1.8.2/bin
LD_LIBRARY_PATH=/usr/bin/jdk1.6.0_12/jre/lib/i386/server:/usr/bin/jdk1.6.0_12/jre/lib/i386:/usr/bin/jdk1.6.0_12/jre/../lib/i386:/home/bharath/academics/FusibleDataStructures/ieeetrans/code/
SHELL=/bin/bash
DISPLAY=:0.0

Signal Handlers:
SIGSEGV: [libjvm.so+0x6071f0], sa_mask[0]=0x7ffbfeff, sa_flags=0x10000004
SIGBUS: [libjvm.so+0x6071f0], sa_mask[0]=0x7ffbfeff, sa_flags=0x10000004
SIGFPE: [libjvm.so+0x5048b0], sa_mask[0]=0x7ffbfeff, sa_flags=0x10000004
SIGPIPE: [libjvm.so+0x5048b0], sa_mask[0]=0x7ffbfeff, sa_flags=0x10000004
SIGXFSZ: [libjvm.so+0x5048b0], sa_mask[0]=0x7ffbfeff, sa_flags=0x10000004
SIGILL: [libjvm.so+0x5048b0], sa_mask[0]=0x7ffbfeff, sa_flags=0x10000004
SIGUSR1: SIG_DFL, sa_mask[0]=0x00000000, sa_flags=0x00000000
SIGUSR2: [libjvm.so+0x506d80], sa_mask[0]=0x00000000, sa_flags=0x10000004
SIGHUP: [libjvm.so+0x506b20], sa_mask[0]=0x7ffbfeff, sa_flags=0x10000004
SIGINT: [libjvm.so+0x506b20], sa_mask[0]=0x7ffbfeff, sa_flags=0x10000004
SIGTERM: [libjvm.so+0x506b20], sa_mask[0]=0x7ffbfeff, sa_flags=0x10000004
SIGQUIT: [libjvm.so+0x506b20], sa_mask[0]=0x7ffbfeff, sa_flags=0x10000004


---------------  S Y S T E M  ---------------

OS:5.0

uname:Linux 2.6.28-19-generic #66-Ubuntu SMP Sat Oct 16 17:39:04 UTC 2010 i686
libc:glibc 2.9 NPTL 2.9 
rlimit: STACK 8192k, CORE 0k, NPROC infinity, NOFILE 1024, AS infinity
load average:0.00 0.05 0.10

CPU:total 2 (2 cores per cpu, 1 threads per core) family 6 model 7 stepping 10, cmov, cx8, fxsr, mmx, sse, sse2, sse3, ssse3

Memory: 4k page, physical 3062464k(1091864k free), swap 3020180k(1717420k free)

vm_info: Java HotSpot(TM) Server VM (11.2-b01) for linux-x86 JRE (1.6.0_12-b04), built on Jan 17 2009 01:47:24 by "java_re" with gcc 3.2.1-7a (J2SE release)

time: Thu Aug 11 16:44:13 2011
elapsed time: 0 seconds

