#
# An unexpected error has been detected by Java Runtime Environment:
#
#  SIGFPE (0x8) at pc=0x8140c916, pid=15241, tid=3076963216
#
# Java VM: Java HotSpot(TM) Server VM (11.2-b01 mixed mode linux-x86)
# Problematic frame:
# C  [libCReedInterface.so+0x3916]
#
# If you would like to submit a bug report, please visit:
#   http://java.sun.com/webapps/bugreport/crash.jsp
# The crash happened outside the Java Virtual Machine in native code.
# See problematic frame for where to report the bug.
#

---------------  T H R E A D  ---------------

Current thread (0x09c48400):  JavaThread "main" [_thread_in_native, id=15242, stack(0xb761b000,0xb766c000)]

siginfo:si_signo=SIGFPE: si_errno=0, si_code=1 (FPE_INTDIV), si_addr=0x8140c916

Registers:
EAX=0x00000004, EBX=0x81414ff4, ECX=0x00000008, EDX=0x00000000
ESP=0xb766aed0, EBP=0xb766af18, ESI=0x00000000, EDI=0x09c48400
EIP=0x8140c916, CR2=0x00000000, EFLAGS=0x00210246

Top of Stack: (sp=0xb766aed0)
0xb766aed0:   813ac848 00000000 09c48890 09c48898
0xb766aee0:   09c48400 00000008 00000004 813ac828
0xb766aef0:   0000000c b766af18 b7706ac5 81300010
0xb766af00:   00000003 81300010 8140c49d 81414ff4
0xb766af10:   81414ff4 813ac828 b766af88 8140c660
0xb766af20:   00000003 00000002 00000003 00000004
0xb766af30:   813ac820 813ac7c8 b766af4f 09c48400
0xb766af40:   00000000 09c48ca4 09c48ca8 00c48ca4 

Instructions: (pc=0x8140c916)
0x8140c906:   8b 55 14 89 55 d0 8b 55 d0 89 c6 89 d0 c1 fa 1f
0x8140c916:   f7 fe 8d 04 01 83 c0 08 89 45 e4 8d 83 01 e1 ff 

Stack: [0xb761b000,0xb766c000],  sp=0xb766aed0,  free space=319k
Native frames: (J=compiled Java code, j=interpreted, Vv=VM code, C=native code)
C  [libCReedInterface.so+0x3916]
C  [libCReedInterface.so+0x3660]  Java_JavaReedInterface_cauchyRecover+0x1c3
j  JavaReedInterface.cauchyRecover(IIII[I[I[I[I)[I+0
j  Test.main([Ljava/lang/String;)V+498
v  ~StubRoutines::call_stub
V  [libjvm.so+0x375c9d]
V  [libjvm.so+0x5057f8]
V  [libjvm.so+0x375b30]
V  [libjvm.so+0x39f2e6]
V  [libjvm.so+0x390ae8]
C  [java+0x1b98]  JavaMain+0x2c8
C  [libpthread.so.0+0x64ff]

Java frames: (J=compiled Java code, j=interpreted, Vv=VM code)
j  JavaReedInterface.cauchyRecover(IIII[I[I[I[I)[I+0
j  Test.main([Ljava/lang/String;)V+498
v  ~StubRoutines::call_stub

---------------  P R O C E S S  ---------------

Java Threads: ( => current thread )
  0x81392400 JavaThread "Low Memory Detector" daemon [_thread_blocked, id=15251, stack(0x80ee9000,0x80f3a000)]
  0x81390000 JavaThread "CompilerThread1" daemon [_thread_blocked, id=15250, stack(0x80f3a000,0x80fbb000)]
  0x8138e800 JavaThread "CompilerThread0" daemon [_thread_blocked, id=15249, stack(0x80fbb000,0x8103c000)]
  0x8138d000 JavaThread "Signal Dispatcher" daemon [_thread_blocked, id=15248, stack(0x8103c000,0x8108d000)]
  0x8137c400 JavaThread "Finalizer" daemon [_thread_blocked, id=15247, stack(0x810cc000,0x8111d000)]
  0x8137ac00 JavaThread "Reference Handler" daemon [_thread_blocked, id=15246, stack(0x8111d000,0x8116e000)]
=>0x09c48400 JavaThread "main" [_thread_in_native, id=15242, stack(0xb761b000,0xb766c000)]

Other Threads:
  0x81377400 VMThread [stack: 0x81416000,0x81497000] [id=15245]
  0x81394000 WatcherThread [stack: 0x80e68000,0x80ee9000] [id=15252]

VM state:not at safepoint (normal execution)

VM Mutex/Monitor currently owned by a thread: None

Heap
 PSYoungGen      total 4672K, used 290K [0xaf1c0000, 0xaf6f0000, 0xb44d0000)
  eden space 4032K, 7% used [0xaf1c0000,0xaf208910,0xaf5b0000)
  from space 640K, 0% used [0xaf650000,0xaf650000,0xaf6f0000)
  to   space 640K, 0% used [0xaf5b0000,0xaf5b0000,0xaf650000)
 PSOldGen        total 42560K, used 0K [0x858d0000, 0x88260000, 0xaf1c0000)
  object space 42560K, 0% used [0x858d0000,0x858d0000,0x88260000)
 PSPermGen       total 16384K, used 1686K [0x818d0000, 0x828d0000, 0x858d0000)
  object space 16384K, 10% used [0x818d0000,0x81a75858,0x828d0000)

Dynamic libraries:
06000000-06676000 r-xp 00000000 08:06 90312      /usr/bin/jdk1.6.0_12/jre/lib/i386/server/libjvm.so
06676000-066bb000 rwxp 00675000 08:06 90312      /usr/bin/jdk1.6.0_12/jre/lib/i386/server/libjvm.so
066bb000-06add000 rwxp 066bb000 00:00 0 
08048000-08052000 r-xp 00000000 08:06 117003     /usr/bin/jdk1.6.0_12/bin/java
08052000-08053000 rwxp 00009000 08:06 117003     /usr/bin/jdk1.6.0_12/bin/java
09c43000-09c64000 rwxp 09c43000 00:00 0          [heap]
80e68000-80e69000 ---p 80e68000 00:00 0 
80e69000-80ee9000 rwxp 80e69000 00:00 0 
80ee9000-80eec000 ---p 80ee9000 00:00 0 
80eec000-80f3a000 rwxp 80eec000 00:00 0 
80f3a000-80f3d000 ---p 80f3a000 00:00 0 
80f3d000-80fbb000 rwxp 80f3d000 00:00 0 
80fbb000-80fbe000 ---p 80fbb000 00:00 0 
80fbe000-8103c000 rwxp 80fbe000 00:00 0 
8103c000-8103f000 ---p 8103c000 00:00 0 
8103f000-8108d000 rwxp 8103f000 00:00 0 
8108d000-810cc000 r-xp 00000000 08:06 296463     /usr/lib/locale/en_US.utf8/LC_CTYPE
810cc000-810cf000 ---p 810cc000 00:00 0 
810cf000-8111d000 rwxp 810cf000 00:00 0 
8111d000-81120000 ---p 8111d000 00:00 0 
81120000-8116e000 rwxp 81120000 00:00 0 
8116e000-81300000 r-xs 02f2c000 08:06 1043539    /usr/bin/jdk1.6.0_12/jre/lib/rt.jar
81300000-813ad000 rwxp 81300000 00:00 0 
813ad000-81400000 ---p 813ad000 00:00 0 
81409000-81414000 r-xp 00000000 08:06 720153     /home/bharath/academics/FusibleDataStructures/ieeetrans/code/libCReedInterface.so
81414000-81415000 r-xp 0000a000 08:06 720153     /home/bharath/academics/FusibleDataStructures/ieeetrans/code/libCReedInterface.so
81415000-81416000 rwxp 0000b000 08:06 720153     /home/bharath/academics/FusibleDataStructures/ieeetrans/code/libCReedInterface.so
81416000-81417000 ---p 81416000 00:00 0 
81417000-814ca000 rwxp 81417000 00:00 0 
814ca000-814cb000 ---p 814ca000 00:00 0 
814cb000-8154b000 rwxp 814cb000 00:00 0 
8154b000-8154c000 ---p 8154b000 00:00 0 
8154c000-815d4000 rwxp 8154c000 00:00 0 
815d4000-815ec000 rwxp 815d4000 00:00 0 
815ec000-81601000 rwxp 815ec000 00:00 0 
81601000-81739000 rwxp 81601000 00:00 0 
81739000-81741000 rwxp 81739000 00:00 0 
81741000-81759000 rwxp 81741000 00:00 0 
81759000-8176e000 rwxp 81759000 00:00 0 
8176e000-818a5000 rwxp 8176e000 00:00 0 
818a5000-818a9000 rwxp 818a5000 00:00 0 
818a9000-818cf000 rwxp 818a9000 00:00 0 
818cf000-828d0000 rwxp 818cf000 00:00 0 
828d0000-858d0000 rwxp 828d0000 00:00 0 
858d0000-88260000 rwxp 858d0000 00:00 0 
88260000-af1c0000 rwxp 88260000 00:00 0 
af1c0000-af6f0000 rwxp af1c0000 00:00 0 
af6f0000-b44d0000 rwxp af6f0000 00:00 0 
b44d0000-b44d7000 r-xs 00000000 08:06 1001829    /usr/lib/gconv/gconv-modules.cache
b44d7000-b44e0000 rwxp b44d7000 00:00 0 
b44e0000-b4597000 rwxp b44e0000 00:00 0 
b4597000-b47d7000 rwxp b4597000 00:00 0 
b47d7000-b7597000 rwxp b47d7000 00:00 0 
b7597000-b75a6000 r-xp 00000000 08:06 75303      /usr/bin/jdk1.6.0_12/jre/lib/i386/libzip.so
b75a6000-b75a8000 rwxp 0000e000 08:06 75303      /usr/bin/jdk1.6.0_12/jre/lib/i386/libzip.so
b75a8000-b75cb000 r-xp 00000000 08:06 75301      /usr/bin/jdk1.6.0_12/jre/lib/i386/libjava.so
b75cb000-b75cd000 rwxp 00023000 08:06 75301      /usr/bin/jdk1.6.0_12/jre/lib/i386/libjava.so
b75cd000-b75d7000 r-xp 00000000 08:06 439848     /lib/tls/i686/cmov/libnss_files-2.9.so
b75d7000-b75d8000 r-xp 00009000 08:06 439848     /lib/tls/i686/cmov/libnss_files-2.9.so
b75d8000-b75d9000 rwxp 0000a000 08:06 439848     /lib/tls/i686/cmov/libnss_files-2.9.so
b75d9000-b75e2000 r-xp 00000000 08:06 439851     /lib/tls/i686/cmov/libnss_nis-2.9.so
b75e2000-b75e3000 r-xp 00008000 08:06 439851     /lib/tls/i686/cmov/libnss_nis-2.9.so
b75e3000-b75e4000 rwxp 00009000 08:06 439851     /lib/tls/i686/cmov/libnss_nis-2.9.so
b75e4000-b75f9000 r-xp 00000000 08:06 439845     /lib/tls/i686/cmov/libnsl-2.9.so
b75f9000-b75fa000 r-xp 00014000 08:06 439845     /lib/tls/i686/cmov/libnsl-2.9.so
b75fa000-b75fb000 rwxp 00015000 08:06 439845     /lib/tls/i686/cmov/libnsl-2.9.so
b75fb000-b75fd000 rwxp b75fb000 00:00 0 
b75fe000-b7609000 r-xp 00000000 08:06 75300      /usr/bin/jdk1.6.0_12/jre/lib/i386/libverify.so
b7609000-b760a000 rwxp 0000b000 08:06 75300      /usr/bin/jdk1.6.0_12/jre/lib/i386/libverify.so
b760a000-b7612000 rwxs 00000000 08:06 719051     /tmp/hsperfdata_bharath/15241
b7612000-b7619000 r-xp 00000000 08:06 439856     /lib/tls/i686/cmov/librt-2.9.so
b7619000-b761a000 r-xp 00006000 08:06 439856     /lib/tls/i686/cmov/librt-2.9.so
b761a000-b761b000 rwxp 00007000 08:06 439856     /lib/tls/i686/cmov/librt-2.9.so
b761b000-b761e000 ---p b761b000 00:00 0 
b761e000-b766c000 rwxp b761e000 00:00 0 
b766c000-b7690000 r-xp 00000000 08:06 439843     /lib/tls/i686/cmov/libm-2.9.so
b7690000-b7691000 r-xp 00023000 08:06 439843     /lib/tls/i686/cmov/libm-2.9.so
b7691000-b7692000 rwxp 00024000 08:06 439843     /lib/tls/i686/cmov/libm-2.9.so
b7692000-b7693000 rwxp b7692000 00:00 0 
b7693000-b77ef000 r-xp 00000000 08:06 439835     /lib/tls/i686/cmov/libc-2.9.so
b77ef000-b77f0000 ---p 0015c000 08:06 439835     /lib/tls/i686/cmov/libc-2.9.so
b77f0000-b77f2000 r-xp 0015c000 08:06 439835     /lib/tls/i686/cmov/libc-2.9.so
b77f2000-b77f3000 rwxp 0015e000 08:06 439835     /lib/tls/i686/cmov/libc-2.9.so
b77f3000-b77f6000 rwxp b77f3000 00:00 0 
b77f6000-b77f8000 r-xp 00000000 08:06 439838     /lib/tls/i686/cmov/libdl-2.9.so
b77f8000-b77f9000 r-xp 00001000 08:06 439838     /lib/tls/i686/cmov/libdl-2.9.so
b77f9000-b77fa000 rwxp 00002000 08:06 439838     /lib/tls/i686/cmov/libdl-2.9.so
b77fa000-b7801000 r-xp 00000000 08:06 90986      /usr/bin/jdk1.6.0_12/jre/lib/i386/jli/libjli.so
b7801000-b7803000 rwxp 00006000 08:06 90986      /usr/bin/jdk1.6.0_12/jre/lib/i386/jli/libjli.so
b7803000-b7804000 rwxp b7803000 00:00 0 
b7804000-b7819000 r-xp 00000000 08:06 439854     /lib/tls/i686/cmov/libpthread-2.9.so
b7819000-b781a000 r-xp 00014000 08:06 439854     /lib/tls/i686/cmov/libpthread-2.9.so
b781a000-b781b000 rwxp 00015000 08:06 439854     /lib/tls/i686/cmov/libpthread-2.9.so
b781b000-b781d000 rwxp b781b000 00:00 0 
b781f000-b7820000 rwxp b781f000 00:00 0 
b7820000-b7827000 r-xp 00000000 08:06 439846     /lib/tls/i686/cmov/libnss_compat-2.9.so
b7827000-b7828000 r-xp 00006000 08:06 439846     /lib/tls/i686/cmov/libnss_compat-2.9.so
b7828000-b7829000 rwxp 00007000 08:06 439846     /lib/tls/i686/cmov/libnss_compat-2.9.so
b7829000-b782f000 r-xp 00000000 08:06 90307      /usr/bin/jdk1.6.0_12/jre/lib/i386/native_threads/libhpi.so
b782f000-b7830000 rwxp 00006000 08:06 90307      /usr/bin/jdk1.6.0_12/jre/lib/i386/native_threads/libhpi.so
b7830000-b7831000 rwxp b7830000 00:00 0 
b7831000-b7832000 r-xp b7831000 00:00 0 
b7832000-b7834000 rwxp b7832000 00:00 0 
b7834000-b7835000 r-xp b7834000 00:00 0          [vdso]
b7835000-b7851000 r-xp 00000000 08:06 423507     /lib/ld-2.9.so
b7851000-b7852000 r-xp 0001b000 08:06 423507     /lib/ld-2.9.so
b7852000-b7853000 rwxp 0001c000 08:06 423507     /lib/ld-2.9.so
bfdc7000-bfddc000 rwxp bffea000 00:00 0          [stack]

VM Arguments:
java_command: Test
Launcher Type: SUN_STANDARD

Environment Variables:
JAVA_HOME=/usr/bin/jdk1.6.0_12
PATH=/usr/local/sbin:/usr/local/bin:/usr/sbin:/usr/bin:/sbin:/bin:/usr/games:/home/bharath/apps/RealPlayer/realplay:/home/bharath/apps/eclipse/:/usr/bin/jdk1.6.0_12/bin:/usr/bin/apache-ant-1.8.2/bin
LD_LIBRARY_PATH=/usr/bin/jdk1.6.0_12/jre/lib/i386/server:/usr/bin/jdk1.6.0_12/jre/lib/i386:/usr/bin/jdk1.6.0_12/jre/../lib/i386:/home/bharath/academics/FusibleDataStructures/ieeetrans/code/
SHELL=/bin/bash
DISPLAY=:0.0

Signal Handlers:
SIGSEGV: [libjvm.so+0x6071f0], sa_mask[0]=0x7ffbfeff, sa_flags=0x10000004
SIGBUS: [libjvm.so+0x6071f0], sa_mask[0]=0x7ffbfeff, sa_flags=0x10000004
SIGFPE: [libjvm.so+0x5048b0], sa_mask[0]=0x7ffbfeff, sa_flags=0x10000004
SIGPIPE: [libjvm.so+0x5048b0], sa_mask[0]=0x7ffbfeff, sa_flags=0x10000004
SIGXFSZ: [libjvm.so+0x5048b0], sa_mask[0]=0x7ffbfeff, sa_flags=0x10000004
SIGILL: [libjvm.so+0x5048b0], sa_mask[0]=0x7ffbfeff, sa_flags=0x10000004
SIGUSR1: SIG_DFL, sa_mask[0]=0x00000000, sa_flags=0x00000000
SIGUSR2: [libjvm.so+0x506d80], sa_mask[0]=0x00000000, sa_flags=0x10000004
SIGHUP: [libjvm.so+0x506b20], sa_mask[0]=0x7ffbfeff, sa_flags=0x10000004
SIGINT: [libjvm.so+0x506b20], sa_mask[0]=0x7ffbfeff, sa_flags=0x10000004
SIGTERM: [libjvm.so+0x506b20], sa_mask[0]=0x7ffbfeff, sa_flags=0x10000004
SIGQUIT: [libjvm.so+0x506b20], sa_mask[0]=0x7ffbfeff, sa_flags=0x10000004


---------------  S Y S T E M  ---------------

OS:5.0

uname:Linux 2.6.28-19-generic #66-Ubuntu SMP Sat Oct 16 17:39:04 UTC 2010 i686
libc:glibc 2.9 NPTL 2.9 
rlimit: STACK 8192k, CORE 0k, NPROC infinity, NOFILE 1024, AS infinity
load average:0.26 0.25 0.20

CPU:total 2 (2 cores per cpu, 1 threads per core) family 6 model 7 stepping 10, cmov, cx8, fxsr, mmx, sse, sse2, sse3, ssse3

Memory: 4k page, physical 3062464k(939696k free), swap 3020180k(1717324k free)

vm_info: Java HotSpot(TM) Server VM (11.2-b01) for linux-x86 JRE (1.6.0_12-b04), built on Jan 17 2009 01:47:24 by "java_re" with gcc 3.2.1-7a (J2SE release)

time: Wed Aug 10 16:47:44 2011
elapsed time: 0 seconds

