#
# An unexpected error has been detected by Java Runtime Environment:
#
#  SIGSEGV (0xb) at pc=0xb77999b1, pid=26647, tid=3077540752
#
# Java VM: Java HotSpot(TM) Server VM (11.2-b01 mixed mode linux-x86)
# Problematic frame:
# C  [libc.so.6+0x799b1]  memcpy+0x61
#
# If you would like to submit a bug report, please visit:
#   http://java.sun.com/webapps/bugreport/crash.jsp
# The crash happened outside the Java Virtual Machine in native code.
# See problematic frame for where to report the bug.
#

---------------  T H R E A D  ---------------

Current thread (0x08ef5400):  JavaThread "main" [_thread_in_native, id=26648, stack(0xb76a8000,0xb76f9000)]

siginfo:si_signo=SIGSEGV: si_errno=0, si_code=1 (SEGV_MAPERR), si_addr=0x0000001a

Registers:
EAX=0x08ef5400, EBX=0x8122aff4, ECX=0x00000003, EDX=0x8112fbf8
ESP=0xb76f7f0c, EBP=0xb76f7f88, ESI=0x0000001a, EDI=0x8112fd88
EIP=0xb77999b1, CR2=0x0000001a, EFLAGS=0x00210206

Top of Stack: (sp=0xb76f7f0c)
0xb76f7f0c:   812229ba 8112fd88 0000001a 0000000c
0xb76f7f1c:   8112fc60 00000000 8112fd40 8112fbf0
0xb76f7f2c:   8112fb78 0000000c 00000004 b76f7f4f
0xb76f7f3c:   08ef5400 00000000 08ef5ca4 08ef5ca8
0xb76f7f4c:   8112fd88 8112fd60 8112fd40 8112fc60
0xb76f7f5c:   8112fc50 8112fbf0 8112fbc8 8112fbb8
0xb76f7f6c:   8112fb78 0000001e 8112f690 00000003
0xb76f7f7c:   00000001 81b02678 81b02674 b76f7fe4 

Instructions: (pc=0xb77999b1)
0xb77999a1:   8b 44 24 04 c3 d1 e9 73 01 a4 d1 e9 73 02 66 a5
0xb77999b1:   f3 a5 eb e8 90 90 90 90 90 90 90 90 90 90 90 55 

Stack: [0xb76a8000,0xb76f9000],  sp=0xb76f7f0c,  free space=319k
Native frames: (J=compiled Java code, j=interpreted, Vv=VM code, C=native code)
C  [libc.so.6+0x799b1]  memcpy+0x61
j  JavaReedInterface.cauchyRecover(IIII[I[I[I[I)[I+0
j  Test.main([Ljava/lang/String;)V+437
v  ~StubRoutines::call_stub
V  [libjvm.so+0x375c9d]
V  [libjvm.so+0x5057f8]
V  [libjvm.so+0x375b30]
V  [libjvm.so+0x39f2e6]
V  [libjvm.so+0x390ae8]
C  [java+0x1b98]  JavaMain+0x2c8
C  [libpthread.so.0+0x64ff]

Java frames: (J=compiled Java code, j=interpreted, Vv=VM code)
j  JavaReedInterface.cauchyRecover(IIII[I[I[I[I)[I+0
j  Test.main([Ljava/lang/String;)V+437
v  ~StubRoutines::call_stub

---------------  P R O C E S S  ---------------

Java Threads: ( => current thread )
  0x81115800 JavaThread "Low Memory Detector" daemon [_thread_blocked, id=26657, stack(0x80f5c000,0x80fad000)]
  0x81113400 JavaThread "CompilerThread1" daemon [_thread_blocked, id=26656, stack(0x80fad000,0x8102e000)]
  0x81111c00 JavaThread "CompilerThread0" daemon [_thread_blocked, id=26655, stack(0x8102e000,0x810af000)]
  0x81110400 JavaThread "Signal Dispatcher" daemon [_thread_blocked, id=26654, stack(0x810af000,0x81100000)]
  0x08f7e800 JavaThread "Finalizer" daemon [_thread_blocked, id=26653, stack(0x81272000,0x812c3000)]
  0x08f79c00 JavaThread "Reference Handler" daemon [_thread_blocked, id=26652, stack(0x812c3000,0x81314000)]
=>0x08ef5400 JavaThread "main" [_thread_in_native, id=26648, stack(0xb76a8000,0xb76f9000)]

Other Threads:
  0x08f76400 VMThread [stack: 0x81314000,0x81395000] [id=26651]
  0x81117800 WatcherThread [stack: 0x80edb000,0x80f5c000] [id=26658]

VM state:not at safepoint (normal execution)

VM Mutex/Monitor currently owned by a thread: None

Heap
 PSYoungGen      total 4672K, used 209K [0xaf250000, 0xaf780000, 0xb4560000)
  eden space 4032K, 5% used [0xaf250000,0xaf2845d0,0xaf640000)
  from space 640K, 0% used [0xaf6e0000,0xaf6e0000,0xaf780000)
  to   space 640K, 0% used [0xaf640000,0xaf640000,0xaf6e0000)
 PSOldGen        total 42560K, used 0K [0x85960000, 0x882f0000, 0xaf250000)
  object space 42560K, 0% used [0x85960000,0x85960000,0x882f0000)
 PSPermGen       total 16384K, used 1685K [0x81960000, 0x82960000, 0x85960000)
  object space 16384K, 10% used [0x81960000,0x81b05740,0x82960000)

Dynamic libraries:
06000000-06676000 r-xp 00000000 08:06 90312      /usr/bin/jdk1.6.0_12/jre/lib/i386/server/libjvm.so
06676000-066bb000 rwxp 00675000 08:06 90312      /usr/bin/jdk1.6.0_12/jre/lib/i386/server/libjvm.so
066bb000-06add000 rwxp 066bb000 00:00 0 
08048000-08052000 r-xp 00000000 08:06 117003     /usr/bin/jdk1.6.0_12/bin/java
08052000-08053000 rwxp 00009000 08:06 117003     /usr/bin/jdk1.6.0_12/bin/java
08ef0000-08f86000 rwxp 08ef0000 00:00 0          [heap]
80edb000-80edc000 ---p 80edb000 00:00 0 
80edc000-80f5c000 rwxp 80edc000 00:00 0 
80f5c000-80f5f000 ---p 80f5c000 00:00 0 
80f5f000-80fad000 rwxp 80f5f000 00:00 0 
80fad000-80fb0000 ---p 80fad000 00:00 0 
80fb0000-8102e000 rwxp 80fb0000 00:00 0 
8102e000-81031000 ---p 8102e000 00:00 0 
81031000-810af000 rwxp 81031000 00:00 0 
810af000-810b2000 ---p 810af000 00:00 0 
810b2000-81100000 rwxp 810b2000 00:00 0 
81100000-81130000 rwxp 81100000 00:00 0 
81130000-81200000 ---p 81130000 00:00 0 
8121f000-8122a000 r-xp 00000000 08:06 720156     /home/bharath/academics/FusibleDataStructures/ieeetrans/code/libCReedInterface.so
8122a000-8122b000 r-xp 0000a000 08:06 720156     /home/bharath/academics/FusibleDataStructures/ieeetrans/code/libCReedInterface.so
8122b000-8122c000 rwxp 0000b000 08:06 720156     /home/bharath/academics/FusibleDataStructures/ieeetrans/code/libCReedInterface.so
8122c000-81233000 r-xs 00000000 08:06 1001829    /usr/lib/gconv/gconv-modules.cache
81233000-81272000 r-xp 00000000 08:06 296463     /usr/lib/locale/en_US.utf8/LC_CTYPE
81272000-81275000 ---p 81272000 00:00 0 
81275000-812c3000 rwxp 81275000 00:00 0 
812c3000-812c6000 ---p 812c3000 00:00 0 
812c6000-81314000 rwxp 812c6000 00:00 0 
81314000-81315000 ---p 81314000 00:00 0 
81315000-813c8000 rwxp 81315000 00:00 0 
813c8000-8155a000 r-xs 02f2c000 08:06 1043539    /usr/bin/jdk1.6.0_12/jre/lib/rt.jar
8155a000-8155b000 ---p 8155a000 00:00 0 
8155b000-815db000 rwxp 8155b000 00:00 0 
815db000-815dc000 ---p 815db000 00:00 0 
815dc000-81664000 rwxp 815dc000 00:00 0 
81664000-8167c000 rwxp 81664000 00:00 0 
8167c000-81691000 rwxp 8167c000 00:00 0 
81691000-817c9000 rwxp 81691000 00:00 0 
817c9000-817d1000 rwxp 817c9000 00:00 0 
817d1000-817e9000 rwxp 817d1000 00:00 0 
817e9000-817fe000 rwxp 817e9000 00:00 0 
817fe000-81935000 rwxp 817fe000 00:00 0 
81935000-81939000 rwxp 81935000 00:00 0 
81939000-8195f000 rwxp 81939000 00:00 0 
8195f000-82960000 rwxp 8195f000 00:00 0 
82960000-85960000 rwxp 82960000 00:00 0 
85960000-882f0000 rwxp 85960000 00:00 0 
882f0000-af250000 rwxp 882f0000 00:00 0 
af250000-af780000 rwxp af250000 00:00 0 
af780000-b4560000 rwxp af780000 00:00 0 
b4564000-b456d000 rwxp b4564000 00:00 0 
b456d000-b4624000 rwxp b456d000 00:00 0 
b4624000-b4864000 rwxp b4624000 00:00 0 
b4864000-b7624000 rwxp b4864000 00:00 0 
b7624000-b7633000 r-xp 00000000 08:06 75303      /usr/bin/jdk1.6.0_12/jre/lib/i386/libzip.so
b7633000-b7635000 rwxp 0000e000 08:06 75303      /usr/bin/jdk1.6.0_12/jre/lib/i386/libzip.so
b7635000-b7658000 r-xp 00000000 08:06 75301      /usr/bin/jdk1.6.0_12/jre/lib/i386/libjava.so
b7658000-b765a000 rwxp 00023000 08:06 75301      /usr/bin/jdk1.6.0_12/jre/lib/i386/libjava.so
b765a000-b7664000 r-xp 00000000 08:06 439848     /lib/tls/i686/cmov/libnss_files-2.9.so
b7664000-b7665000 r-xp 00009000 08:06 439848     /lib/tls/i686/cmov/libnss_files-2.9.so
b7665000-b7666000 rwxp 0000a000 08:06 439848     /lib/tls/i686/cmov/libnss_files-2.9.so
b7666000-b766f000 r-xp 00000000 08:06 439851     /lib/tls/i686/cmov/libnss_nis-2.9.so
b766f000-b7670000 r-xp 00008000 08:06 439851     /lib/tls/i686/cmov/libnss_nis-2.9.so
b7670000-b7671000 rwxp 00009000 08:06 439851     /lib/tls/i686/cmov/libnss_nis-2.9.so
b7671000-b7686000 r-xp 00000000 08:06 439845     /lib/tls/i686/cmov/libnsl-2.9.so
b7686000-b7687000 r-xp 00014000 08:06 439845     /lib/tls/i686/cmov/libnsl-2.9.so
b7687000-b7688000 rwxp 00015000 08:06 439845     /lib/tls/i686/cmov/libnsl-2.9.so
b7688000-b768a000 rwxp b7688000 00:00 0 
b768b000-b7696000 r-xp 00000000 08:06 75300      /usr/bin/jdk1.6.0_12/jre/lib/i386/libverify.so
b7696000-b7697000 rwxp 0000b000 08:06 75300      /usr/bin/jdk1.6.0_12/jre/lib/i386/libverify.so
b7697000-b769f000 rwxs 00000000 08:06 719193     /tmp/hsperfdata_bharath/26647
b769f000-b76a6000 r-xp 00000000 08:06 439856     /lib/tls/i686/cmov/librt-2.9.so
b76a6000-b76a7000 r-xp 00006000 08:06 439856     /lib/tls/i686/cmov/librt-2.9.so
b76a7000-b76a8000 rwxp 00007000 08:06 439856     /lib/tls/i686/cmov/librt-2.9.so
b76a8000-b76ab000 ---p b76a8000 00:00 0 
b76ab000-b76f9000 rwxp b76ab000 00:00 0 
b76f9000-b771d000 r-xp 00000000 08:06 439843     /lib/tls/i686/cmov/libm-2.9.so
b771d000-b771e000 r-xp 00023000 08:06 439843     /lib/tls/i686/cmov/libm-2.9.so
b771e000-b771f000 rwxp 00024000 08:06 439843     /lib/tls/i686/cmov/libm-2.9.so
b771f000-b7720000 rwxp b771f000 00:00 0 
b7720000-b787c000 r-xp 00000000 08:06 439835     /lib/tls/i686/cmov/libc-2.9.so
b787c000-b787d000 ---p 0015c000 08:06 439835     /lib/tls/i686/cmov/libc-2.9.so
b787d000-b787f000 r-xp 0015c000 08:06 439835     /lib/tls/i686/cmov/libc-2.9.so
b787f000-b7880000 rwxp 0015e000 08:06 439835     /lib/tls/i686/cmov/libc-2.9.so
b7880000-b7883000 rwxp b7880000 00:00 0 
b7883000-b7885000 r-xp 00000000 08:06 439838     /lib/tls/i686/cmov/libdl-2.9.so
b7885000-b7886000 r-xp 00001000 08:06 439838     /lib/tls/i686/cmov/libdl-2.9.so
b7886000-b7887000 rwxp 00002000 08:06 439838     /lib/tls/i686/cmov/libdl-2.9.so
b7887000-b788e000 r-xp 00000000 08:06 90986      /usr/bin/jdk1.6.0_12/jre/lib/i386/jli/libjli.so
b788e000-b7890000 rwxp 00006000 08:06 90986      /usr/bin/jdk1.6.0_12/jre/lib/i386/jli/libjli.so
b7890000-b7891000 rwxp b7890000 00:00 0 
b7891000-b78a6000 r-xp 00000000 08:06 439854     /lib/tls/i686/cmov/libpthread-2.9.so
b78a6000-b78a7000 r-xp 00014000 08:06 439854     /lib/tls/i686/cmov/libpthread-2.9.so
b78a7000-b78a8000 rwxp 00015000 08:06 439854     /lib/tls/i686/cmov/libpthread-2.9.so
b78a8000-b78aa000 rwxp b78a8000 00:00 0 
b78ac000-b78ad000 rwxp b78ac000 00:00 0 
b78ad000-b78b4000 r-xp 00000000 08:06 439846     /lib/tls/i686/cmov/libnss_compat-2.9.so
b78b4000-b78b5000 r-xp 00006000 08:06 439846     /lib/tls/i686/cmov/libnss_compat-2.9.so
b78b5000-b78b6000 rwxp 00007000 08:06 439846     /lib/tls/i686/cmov/libnss_compat-2.9.so
b78b6000-b78bc000 r-xp 00000000 08:06 90307      /usr/bin/jdk1.6.0_12/jre/lib/i386/native_threads/libhpi.so
b78bc000-b78bd000 rwxp 00006000 08:06 90307      /usr/bin/jdk1.6.0_12/jre/lib/i386/native_threads/libhpi.so
b78bd000-b78be000 rwxp b78bd000 00:00 0 
b78be000-b78bf000 r-xp b78be000 00:00 0 
b78bf000-b78c1000 rwxp b78bf000 00:00 0 
b78c1000-b78c2000 r-xp b78c1000 00:00 0          [vdso]
b78c2000-b78de000 r-xp 00000000 08:06 423507     /lib/ld-2.9.so
b78de000-b78df000 r-xp 0001b000 08:06 423507     /lib/ld-2.9.so
b78df000-b78e0000 rwxp 0001c000 08:06 423507     /lib/ld-2.9.so
bf99b000-bf9b0000 rwxp bffea000 00:00 0          [stack]

VM Arguments:
java_command: Test
Launcher Type: SUN_STANDARD

Environment Variables:
JAVA_HOME=/usr/bin/jdk1.6.0_12
PATH=/usr/local/sbin:/usr/local/bin:/usr/sbin:/usr/bin:/sbin:/bin:/usr/games:/home/bharath/apps/RealPlayer/realplay:/home/bharath/apps/eclipse/:/usr/bin/jdk1.6.0_12/bin:/usr/bin/apache-ant-1.8.2/bin
LD_LIBRARY_PATH=/usr/bin/jdk1.6.0_12/jre/lib/i386/server:/usr/bin/jdk1.6.0_12/jre/lib/i386:/usr/bin/jdk1.6.0_12/jre/../lib/i386:/home/bharath/academics/FusibleDataStructures/ieeetrans/code/
SHELL=/bin/bash
DISPLAY=:0.0

Signal Handlers:
SIGSEGV: [libjvm.so+0x6071f0], sa_mask[0]=0x7ffbfeff, sa_flags=0x10000004
SIGBUS: [libjvm.so+0x6071f0], sa_mask[0]=0x7ffbfeff, sa_flags=0x10000004
SIGFPE: [libjvm.so+0x5048b0], sa_mask[0]=0x7ffbfeff, sa_flags=0x10000004
SIGPIPE: [libjvm.so+0x5048b0], sa_mask[0]=0x7ffbfeff, sa_flags=0x10000004
SIGXFSZ: [libjvm.so+0x5048b0], sa_mask[0]=0x7ffbfeff, sa_flags=0x10000004
SIGILL: [libjvm.so+0x5048b0], sa_mask[0]=0x7ffbfeff, sa_flags=0x10000004
SIGUSR1: SIG_DFL, sa_mask[0]=0x00000000, sa_flags=0x00000000
SIGUSR2: [libjvm.so+0x506d80], sa_mask[0]=0x00000000, sa_flags=0x10000004
SIGHUP: [libjvm.so+0x506b20], sa_mask[0]=0x7ffbfeff, sa_flags=0x10000004
SIGINT: [libjvm.so+0x506b20], sa_mask[0]=0x7ffbfeff, sa_flags=0x10000004
SIGTERM: [libjvm.so+0x506b20], sa_mask[0]=0x7ffbfeff, sa_flags=0x10000004
SIGQUIT: [libjvm.so+0x506b20], sa_mask[0]=0x7ffbfeff, sa_flags=0x10000004


---------------  S Y S T E M  ---------------

OS:5.0

uname:Linux 2.6.28-19-generic #66-Ubuntu SMP Sat Oct 16 17:39:04 UTC 2010 i686
libc:glibc 2.9 NPTL 2.9 
rlimit: STACK 8192k, CORE 0k, NPROC infinity, NOFILE 1024, AS infinity
load average:0.15 0.09 0.09

CPU:total 2 (2 cores per cpu, 1 threads per core) family 6 model 7 stepping 10, cmov, cx8, fxsr, mmx, sse, sse2, sse3, ssse3

Memory: 4k page, physical 3062464k(1090912k free), swap 3020180k(1717420k free)

vm_info: Java HotSpot(TM) Server VM (11.2-b01) for linux-x86 JRE (1.6.0_12-b04), built on Jan 17 2009 01:47:24 by "java_re" with gcc 3.2.1-7a (J2SE release)

time: Thu Aug 11 16:47:59 2011
elapsed time: 0 seconds

