#
# An unexpected error has been detected by Java Runtime Environment:
#
#  SIGSEGV (0xb) at pc=0xb76dd9b1, pid=26612, tid=3076770704
#
# Java VM: Java HotSpot(TM) Server VM (11.2-b01 mixed mode linux-x86)
# Problematic frame:
# C  [libc.so.6+0x799b1]  memcpy+0x61
#
# If you would like to submit a bug report, please visit:
#   http://java.sun.com/webapps/bugreport/crash.jsp
# The crash happened outside the Java Virtual Machine in native code.
# See problematic frame for where to report the bug.
#

---------------  T H R E A D  ---------------

Current thread (0x09bfe400):  JavaThread "main" [_thread_in_native, id=26613, stack(0xb75ec000,0xb763d000)]

siginfo:si_signo=SIGSEGV: si_errno=0, si_code=1 (SEGV_MAPERR), si_addr=0x0000001a

Registers:
EAX=0x09bfe400, EBX=0x8104eff4, ECX=0x00000003, EDX=0x09cb7ce0
ESP=0xb763bf0c, EBP=0xb763bf88, ESI=0x0000001a, EDI=0x09caa090
EIP=0xb76dd9b1, CR2=0x0000001a, EFLAGS=0x00210206

Top of Stack: (sp=0xb763bf0c)
0xb763bf0c:   810469bd 09caa090 0000001a 0000000c
0xb763bf1c:   09cb7d48 00000000 09cb7e28 09cb7cd8
0xb763bf2c:   09cb7c60 0000000c 00000004 b763bf4f
0xb763bf3c:   09bfe400 00000000 09bfeca4 09bfeca8
0xb763bf4c:   09caa090 09caa120 09cb7e28 09cb7d48
0xb763bf5c:   09cb7d38 09cb7cd8 09cb7cb0 09cb7ca0
0xb763bf6c:   09cb7c60 0000001e 09cb7788 00000003
0xb763bf7c:   00000001 81a42678 81a42674 b763bfe4 

Instructions: (pc=0xb76dd9b1)
0xb76dd9a1:   8b 44 24 04 c3 d1 e9 73 01 a4 d1 e9 73 02 66 a5
0xb76dd9b1:   f3 a5 eb e8 90 90 90 90 90 90 90 90 90 90 90 55 

Stack: [0xb75ec000,0xb763d000],  sp=0xb763bf0c,  free space=319k
Native frames: (J=compiled Java code, j=interpreted, Vv=VM code, C=native code)
C  [libc.so.6+0x799b1]  memcpy+0x61
j  JavaReedInterface.cauchyRecover(IIII[I[I[I[I)[I+0
j  Test.main([Ljava/lang/String;)V+437
v  ~StubRoutines::call_stub
V  [libjvm.so+0x375c9d]
V  [libjvm.so+0x5057f8]
V  [libjvm.so+0x375b30]
V  [libjvm.so+0x39f2e6]
V  [libjvm.so+0x390ae8]
C  [java+0x1b98]  JavaMain+0x2c8
C  [libpthread.so.0+0x64ff]

Java frames: (J=compiled Java code, j=interpreted, Vv=VM code)
j  JavaReedInterface.cauchyRecover(IIII[I[I[I[I)[I+0
j  Test.main([Ljava/lang/String;)V+437
v  ~StubRoutines::call_stub

---------------  P R O C E S S  ---------------

Java Threads: ( => current thread )
  0x09c9dc00 JavaThread "Low Memory Detector" daemon [_thread_blocked, id=26622, stack(0x81050000,0x810a1000)]
  0x09c9b800 JavaThread "CompilerThread1" daemon [_thread_blocked, id=26621, stack(0x80e20000,0x80ea1000)]
  0x09c9a000 JavaThread "CompilerThread0" daemon [_thread_blocked, id=26620, stack(0x810a1000,0x81122000)]
  0x09c98400 JavaThread "Signal Dispatcher" daemon [_thread_blocked, id=26619, stack(0x81122000,0x81173000)]
  0x09c87800 JavaThread "Finalizer" daemon [_thread_blocked, id=26618, stack(0x811b2000,0x81203000)]
  0x09c82c00 JavaThread "Reference Handler" daemon [_thread_blocked, id=26617, stack(0x81203000,0x81254000)]
=>0x09bfe400 JavaThread "main" [_thread_in_native, id=26613, stack(0xb75ec000,0xb763d000)]

Other Threads:
  0x09c7f400 VMThread [stack: 0x81254000,0x812d5000] [id=26616]
  0x09c9f800 WatcherThread [stack: 0x80d9f000,0x80e20000] [id=26623]

VM state:not at safepoint (normal execution)

VM Mutex/Monitor currently owned by a thread: None

Heap
 PSYoungGen      total 4672K, used 209K [0xaf190000, 0xaf6c0000, 0xb44a0000)
  eden space 4032K, 5% used [0xaf190000,0xaf1c45d0,0xaf580000)
  from space 640K, 0% used [0xaf620000,0xaf620000,0xaf6c0000)
  to   space 640K, 0% used [0xaf580000,0xaf580000,0xaf620000)
 PSOldGen        total 42560K, used 0K [0x858a0000, 0x88230000, 0xaf190000)
  object space 42560K, 0% used [0x858a0000,0x858a0000,0x88230000)
 PSPermGen       total 16384K, used 1685K [0x818a0000, 0x828a0000, 0x858a0000)
  object space 16384K, 10% used [0x818a0000,0x81a45740,0x828a0000)

Dynamic libraries:
06000000-06676000 r-xp 00000000 08:06 90312      /usr/bin/jdk1.6.0_12/jre/lib/i386/server/libjvm.so
06676000-066bb000 rwxp 00675000 08:06 90312      /usr/bin/jdk1.6.0_12/jre/lib/i386/server/libjvm.so
066bb000-06add000 rwxp 066bb000 00:00 0 
08048000-08052000 r-xp 00000000 08:06 117003     /usr/bin/jdk1.6.0_12/bin/java
08052000-08053000 rwxp 00009000 08:06 117003     /usr/bin/jdk1.6.0_12/bin/java
09bf9000-09cd4000 rwxp 09bf9000 00:00 0          [heap]
80d9f000-80da0000 ---p 80d9f000 00:00 0 
80da0000-80e20000 rwxp 80da0000 00:00 0 
80e20000-80e23000 ---p 80e20000 00:00 0 
80e23000-80ea1000 rwxp 80e23000 00:00 0 
80f00000-80f21000 rwxp 80f00000 00:00 0 
80f21000-81000000 ---p 80f21000 00:00 0 
81043000-8104e000 r-xp 00000000 08:06 719193     /home/bharath/academics/FusibleDataStructures/ieeetrans/code/libCReedInterface.so
8104e000-8104f000 r-xp 0000a000 08:06 719193     /home/bharath/academics/FusibleDataStructures/ieeetrans/code/libCReedInterface.so
8104f000-81050000 rwxp 0000b000 08:06 719193     /home/bharath/academics/FusibleDataStructures/ieeetrans/code/libCReedInterface.so
81050000-81053000 ---p 81050000 00:00 0 
81053000-810a1000 rwxp 81053000 00:00 0 
810a1000-810a4000 ---p 810a1000 00:00 0 
810a4000-81122000 rwxp 810a4000 00:00 0 
81122000-81125000 ---p 81122000 00:00 0 
81125000-81173000 rwxp 81125000 00:00 0 
81173000-811b2000 r-xp 00000000 08:06 296463     /usr/lib/locale/en_US.utf8/LC_CTYPE
811b2000-811b5000 ---p 811b2000 00:00 0 
811b5000-81203000 rwxp 811b5000 00:00 0 
81203000-81206000 ---p 81203000 00:00 0 
81206000-81254000 rwxp 81206000 00:00 0 
81254000-81255000 ---p 81254000 00:00 0 
81255000-81308000 rwxp 81255000 00:00 0 
81308000-8149a000 r-xs 02f2c000 08:06 1043539    /usr/bin/jdk1.6.0_12/jre/lib/rt.jar
8149a000-8149b000 ---p 8149a000 00:00 0 
8149b000-8151b000 rwxp 8149b000 00:00 0 
8151b000-8151c000 ---p 8151b000 00:00 0 
8151c000-815a4000 rwxp 8151c000 00:00 0 
815a4000-815bc000 rwxp 815a4000 00:00 0 
815bc000-815d1000 rwxp 815bc000 00:00 0 
815d1000-81709000 rwxp 815d1000 00:00 0 
81709000-81711000 rwxp 81709000 00:00 0 
81711000-81729000 rwxp 81711000 00:00 0 
81729000-8173e000 rwxp 81729000 00:00 0 
8173e000-81875000 rwxp 8173e000 00:00 0 
81875000-81879000 rwxp 81875000 00:00 0 
81879000-8189f000 rwxp 81879000 00:00 0 
8189f000-828a0000 rwxp 8189f000 00:00 0 
828a0000-858a0000 rwxp 828a0000 00:00 0 
858a0000-88230000 rwxp 858a0000 00:00 0 
88230000-af190000 rwxp 88230000 00:00 0 
af190000-af6c0000 rwxp af190000 00:00 0 
af6c0000-b44a0000 rwxp af6c0000 00:00 0 
b44a1000-b44a8000 r-xs 00000000 08:06 1001829    /usr/lib/gconv/gconv-modules.cache
b44a8000-b44b1000 rwxp b44a8000 00:00 0 
b44b1000-b4568000 rwxp b44b1000 00:00 0 
b4568000-b47a8000 rwxp b4568000 00:00 0 
b47a8000-b7568000 rwxp b47a8000 00:00 0 
b7568000-b7577000 r-xp 00000000 08:06 75303      /usr/bin/jdk1.6.0_12/jre/lib/i386/libzip.so
b7577000-b7579000 rwxp 0000e000 08:06 75303      /usr/bin/jdk1.6.0_12/jre/lib/i386/libzip.so
b7579000-b759c000 r-xp 00000000 08:06 75301      /usr/bin/jdk1.6.0_12/jre/lib/i386/libjava.so
b759c000-b759e000 rwxp 00023000 08:06 75301      /usr/bin/jdk1.6.0_12/jre/lib/i386/libjava.so
b759e000-b75a8000 r-xp 00000000 08:06 439848     /lib/tls/i686/cmov/libnss_files-2.9.so
b75a8000-b75a9000 r-xp 00009000 08:06 439848     /lib/tls/i686/cmov/libnss_files-2.9.so
b75a9000-b75aa000 rwxp 0000a000 08:06 439848     /lib/tls/i686/cmov/libnss_files-2.9.so
b75aa000-b75b3000 r-xp 00000000 08:06 439851     /lib/tls/i686/cmov/libnss_nis-2.9.so
b75b3000-b75b4000 r-xp 00008000 08:06 439851     /lib/tls/i686/cmov/libnss_nis-2.9.so
b75b4000-b75b5000 rwxp 00009000 08:06 439851     /lib/tls/i686/cmov/libnss_nis-2.9.so
b75b5000-b75ca000 r-xp 00000000 08:06 439845     /lib/tls/i686/cmov/libnsl-2.9.so
b75ca000-b75cb000 r-xp 00014000 08:06 439845     /lib/tls/i686/cmov/libnsl-2.9.so
b75cb000-b75cc000 rwxp 00015000 08:06 439845     /lib/tls/i686/cmov/libnsl-2.9.so
b75cc000-b75ce000 rwxp b75cc000 00:00 0 
b75cf000-b75da000 r-xp 00000000 08:06 75300      /usr/bin/jdk1.6.0_12/jre/lib/i386/libverify.so
b75da000-b75db000 rwxp 0000b000 08:06 75300      /usr/bin/jdk1.6.0_12/jre/lib/i386/libverify.so
b75db000-b75e3000 rwxs 00000000 08:06 720156     /tmp/hsperfdata_bharath/26612
b75e3000-b75ea000 r-xp 00000000 08:06 439856     /lib/tls/i686/cmov/librt-2.9.so
b75ea000-b75eb000 r-xp 00006000 08:06 439856     /lib/tls/i686/cmov/librt-2.9.so
b75eb000-b75ec000 rwxp 00007000 08:06 439856     /lib/tls/i686/cmov/librt-2.9.so
b75ec000-b75ef000 ---p b75ec000 00:00 0 
b75ef000-b763d000 rwxp b75ef000 00:00 0 
b763d000-b7661000 r-xp 00000000 08:06 439843     /lib/tls/i686/cmov/libm-2.9.so
b7661000-b7662000 r-xp 00023000 08:06 439843     /lib/tls/i686/cmov/libm-2.9.so
b7662000-b7663000 rwxp 00024000 08:06 439843     /lib/tls/i686/cmov/libm-2.9.so
b7663000-b7664000 rwxp b7663000 00:00 0 
b7664000-b77c0000 r-xp 00000000 08:06 439835     /lib/tls/i686/cmov/libc-2.9.so
b77c0000-b77c1000 ---p 0015c000 08:06 439835     /lib/tls/i686/cmov/libc-2.9.so
b77c1000-b77c3000 r-xp 0015c000 08:06 439835     /lib/tls/i686/cmov/libc-2.9.so
b77c3000-b77c4000 rwxp 0015e000 08:06 439835     /lib/tls/i686/cmov/libc-2.9.so
b77c4000-b77c7000 rwxp b77c4000 00:00 0 
b77c7000-b77c9000 r-xp 00000000 08:06 439838     /lib/tls/i686/cmov/libdl-2.9.so
b77c9000-b77ca000 r-xp 00001000 08:06 439838     /lib/tls/i686/cmov/libdl-2.9.so
b77ca000-b77cb000 rwxp 00002000 08:06 439838     /lib/tls/i686/cmov/libdl-2.9.so
b77cb000-b77d2000 r-xp 00000000 08:06 90986      /usr/bin/jdk1.6.0_12/jre/lib/i386/jli/libjli.so
b77d2000-b77d4000 rwxp 00006000 08:06 90986      /usr/bin/jdk1.6.0_12/jre/lib/i386/jli/libjli.so
b77d4000-b77d5000 rwxp b77d4000 00:00 0 
b77d5000-b77ea000 r-xp 00000000 08:06 439854     /lib/tls/i686/cmov/libpthread-2.9.so
b77ea000-b77eb000 r-xp 00014000 08:06 439854     /lib/tls/i686/cmov/libpthread-2.9.so
b77eb000-b77ec000 rwxp 00015000 08:06 439854     /lib/tls/i686/cmov/libpthread-2.9.so
b77ec000-b77ee000 rwxp b77ec000 00:00 0 
b77f0000-b77f1000 rwxp b77f0000 00:00 0 
b77f1000-b77f8000 r-xp 00000000 08:06 439846     /lib/tls/i686/cmov/libnss_compat-2.9.so
b77f8000-b77f9000 r-xp 00006000 08:06 439846     /lib/tls/i686/cmov/libnss_compat-2.9.so
b77f9000-b77fa000 rwxp 00007000 08:06 439846     /lib/tls/i686/cmov/libnss_compat-2.9.so
b77fa000-b7800000 r-xp 00000000 08:06 90307      /usr/bin/jdk1.6.0_12/jre/lib/i386/native_threads/libhpi.so
b7800000-b7801000 rwxp 00006000 08:06 90307      /usr/bin/jdk1.6.0_12/jre/lib/i386/native_threads/libhpi.so
b7801000-b7802000 rwxp b7801000 00:00 0 
b7802000-b7803000 r-xp b7802000 00:00 0 
b7803000-b7805000 rwxp b7803000 00:00 0 
b7805000-b7806000 r-xp b7805000 00:00 0          [vdso]
b7806000-b7822000 r-xp 00000000 08:06 423507     /lib/ld-2.9.so
b7822000-b7823000 r-xp 0001b000 08:06 423507     /lib/ld-2.9.so
b7823000-b7824000 rwxp 0001c000 08:06 423507     /lib/ld-2.9.so
bfaef000-bfb04000 rwxp bffea000 00:00 0          [stack]

VM Arguments:
java_command: Test
Launcher Type: SUN_STANDARD

Environment Variables:
JAVA_HOME=/usr/bin/jdk1.6.0_12
PATH=/usr/local/sbin:/usr/local/bin:/usr/sbin:/usr/bin:/sbin:/bin:/usr/games:/home/bharath/apps/RealPlayer/realplay:/home/bharath/apps/eclipse/:/usr/bin/jdk1.6.0_12/bin:/usr/bin/apache-ant-1.8.2/bin
LD_LIBRARY_PATH=/usr/bin/jdk1.6.0_12/jre/lib/i386/server:/usr/bin/jdk1.6.0_12/jre/lib/i386:/usr/bin/jdk1.6.0_12/jre/../lib/i386:/home/bharath/academics/FusibleDataStructures/ieeetrans/code/
SHELL=/bin/bash
DISPLAY=:0.0

Signal Handlers:
SIGSEGV: [libjvm.so+0x6071f0], sa_mask[0]=0x7ffbfeff, sa_flags=0x10000004
SIGBUS: [libjvm.so+0x6071f0], sa_mask[0]=0x7ffbfeff, sa_flags=0x10000004
SIGFPE: [libjvm.so+0x5048b0], sa_mask[0]=0x7ffbfeff, sa_flags=0x10000004
SIGPIPE: [libjvm.so+0x5048b0], sa_mask[0]=0x7ffbfeff, sa_flags=0x10000004
SIGXFSZ: [libjvm.so+0x5048b0], sa_mask[0]=0x7ffbfeff, sa_flags=0x10000004
SIGILL: [libjvm.so+0x5048b0], sa_mask[0]=0x7ffbfeff, sa_flags=0x10000004
SIGUSR1: SIG_DFL, sa_mask[0]=0x00000000, sa_flags=0x00000000
SIGUSR2: [libjvm.so+0x506d80], sa_mask[0]=0x00000000, sa_flags=0x10000004
SIGHUP: [libjvm.so+0x506b20], sa_mask[0]=0x7ffbfeff, sa_flags=0x10000004
SIGINT: [libjvm.so+0x506b20], sa_mask[0]=0x7ffbfeff, sa_flags=0x10000004
SIGTERM: [libjvm.so+0x506b20], sa_mask[0]=0x7ffbfeff, sa_flags=0x10000004
SIGQUIT: [libjvm.so+0x506b20], sa_mask[0]=0x7ffbfeff, sa_flags=0x10000004


---------------  S Y S T E M  ---------------

OS:5.0

uname:Linux 2.6.28-19-generic #66-Ubuntu SMP Sat Oct 16 17:39:04 UTC 2010 i686
libc:glibc 2.9 NPTL 2.9 
rlimit: STACK 8192k, CORE 0k, NPROC infinity, NOFILE 1024, AS infinity
load average:0.09 0.08 0.09

CPU:total 2 (2 cores per cpu, 1 threads per core) family 6 model 7 stepping 10, cmov, cx8, fxsr, mmx, sse, sse2, sse3, ssse3

Memory: 4k page, physical 3062464k(1091844k free), swap 3020180k(1717420k free)

vm_info: Java HotSpot(TM) Server VM (11.2-b01) for linux-x86 JRE (1.6.0_12-b04), built on Jan 17 2009 01:47:24 by "java_re" with gcc 3.2.1-7a (J2SE release)

time: Thu Aug 11 16:47:36 2011
elapsed time: 0 seconds

