#
# An unexpected error has been detected by Java Runtime Environment:
#
#  SIGSEGV (0xb) at pc=0xb76bb9b1, pid=26333, tid=3076631440
#
# Java VM: Java HotSpot(TM) Server VM (11.2-b01 mixed mode linux-x86)
# Problematic frame:
# C  [libc.so.6+0x799b1]  memcpy+0x61
#
# If you would like to submit a bug report, please visit:
#   http://java.sun.com/webapps/bugreport/crash.jsp
# The crash happened outside the Java Virtual Machine in native code.
# See problematic frame for where to report the bug.
#

---------------  T H R E A D  ---------------

Current thread (0x08b9d400):  JavaThread "main" [_thread_in_native, id=26334, stack(0xb75ca000,0xb761b000)]

siginfo:si_signo=SIGSEGV: si_errno=0, si_code=1 (SEGV_MAPERR), si_addr=0x0000001a

Registers:
EAX=0x08b9d400, EBX=0x8114aff4, ECX=0x00000001, EDX=0x810311d8
ESP=0xb7619ecc, EBP=0xb7619f08, ESI=0x0000001a, EDI=0xb7619eec
EIP=0xb76bb9b1, CR2=0x0000001a, EFLAGS=0x00210202

Top of Stack: (sp=0xb7619ecc)
0xb7619ecc:   81142ab0 b7619eec 0000001a 00000004
0xb7619edc:   810311d8 b768183b b77a0ff4 810311d8
0xb7619eec:   08b9d400 b7619f08 b768bbe0 00000000
0xb7619efc:   00000000 b7619f18 8114aff4 b7619f88
0xb7619f0c:   811429a8 00000003 00000004 0000001a
0xb7619f1c:   81031240 00000000 81031320 810311d0
0xb7619f2c:   81031158 0000000c 00000004 b7619f4f
0xb7619f3c:   08b9d400 00000000 08b9dca4 08b9dca8 

Instructions: (pc=0xb76bb9b1)
0xb76bb9a1:   8b 44 24 04 c3 d1 e9 73 01 a4 d1 e9 73 02 66 a5
0xb76bb9b1:   f3 a5 eb e8 90 90 90 90 90 90 90 90 90 90 90 55 

Stack: [0xb75ca000,0xb761b000],  sp=0xb7619ecc,  free space=319k
Native frames: (J=compiled Java code, j=interpreted, Vv=VM code, C=native code)
C  [libc.so.6+0x799b1]  memcpy+0x61
C  [libCReedInterface.so+0x39a8]  Java_JavaReedInterface_cauchyRecover+0x50b
j  JavaReedInterface.cauchyRecover(IIII[I[I[I[I)[I+0
j  Test.main([Ljava/lang/String;)V+437
v  ~StubRoutines::call_stub
V  [libjvm.so+0x375c9d]
V  [libjvm.so+0x5057f8]
V  [libjvm.so+0x375b30]
V  [libjvm.so+0x39f2e6]
V  [libjvm.so+0x390ae8]
C  [java+0x1b98]  JavaMain+0x2c8
C  [libpthread.so.0+0x64ff]

Java frames: (J=compiled Java code, j=interpreted, Vv=VM code)
j  JavaReedInterface.cauchyRecover(IIII[I[I[I[I)[I+0
j  Test.main([Ljava/lang/String;)V+437
v  ~StubRoutines::call_stub

---------------  P R O C E S S  ---------------

Java Threads: ( => current thread )
  0x81016c00 JavaThread "Low Memory Detector" daemon [_thread_blocked, id=26343, stack(0x80e5c000,0x80ead000)]
  0x81014c00 JavaThread "CompilerThread1" daemon [_thread_blocked, id=26342, stack(0x80ead000,0x80f2e000)]
  0x81013400 JavaThread "CompilerThread0" daemon [_thread_blocked, id=26341, stack(0x80f2e000,0x80faf000)]
  0x81011800 JavaThread "Signal Dispatcher" daemon [_thread_blocked, id=26340, stack(0x80faf000,0x81000000)]
  0x81000800 JavaThread "Finalizer" daemon [_thread_blocked, id=26339, stack(0x81192000,0x811e3000)]
  0x08c21c00 JavaThread "Reference Handler" daemon [_thread_blocked, id=26338, stack(0x811e3000,0x81234000)]
=>0x08b9d400 JavaThread "main" [_thread_in_native, id=26334, stack(0xb75ca000,0xb761b000)]

Other Threads:
  0x08c1e400 VMThread [stack: 0x81234000,0x812b5000] [id=26337]
  0x81018800 WatcherThread [stack: 0x80ddb000,0x80e5c000] [id=26344]

VM state:not at safepoint (normal execution)

VM Mutex/Monitor currently owned by a thread: None

Heap
 PSYoungGen      total 4672K, used 209K [0xaf170000, 0xaf6a0000, 0xb4480000)
  eden space 4032K, 5% used [0xaf170000,0xaf1a45d0,0xaf560000)
  from space 640K, 0% used [0xaf600000,0xaf600000,0xaf6a0000)
  to   space 640K, 0% used [0xaf560000,0xaf560000,0xaf600000)
 PSOldGen        total 42560K, used 0K [0x85880000, 0x88210000, 0xaf170000)
  object space 42560K, 0% used [0x85880000,0x85880000,0x88210000)
 PSPermGen       total 16384K, used 1685K [0x81880000, 0x82880000, 0x85880000)
  object space 16384K, 10% used [0x81880000,0x81a25740,0x82880000)

Dynamic libraries:
06000000-06676000 r-xp 00000000 08:06 90312      /usr/bin/jdk1.6.0_12/jre/lib/i386/server/libjvm.so
06676000-066bb000 rwxp 00675000 08:06 90312      /usr/bin/jdk1.6.0_12/jre/lib/i386/server/libjvm.so
066bb000-06add000 rwxp 066bb000 00:00 0 
08048000-08052000 r-xp 00000000 08:06 117003     /usr/bin/jdk1.6.0_12/bin/java
08052000-08053000 rwxp 00009000 08:06 117003     /usr/bin/jdk1.6.0_12/bin/java
08b98000-08c2e000 rwxp 08b98000 00:00 0          [heap]
80ddb000-80ddc000 ---p 80ddb000 00:00 0 
80ddc000-80e5c000 rwxp 80ddc000 00:00 0 
80e5c000-80e5f000 ---p 80e5c000 00:00 0 
80e5f000-80ead000 rwxp 80e5f000 00:00 0 
80ead000-80eb0000 ---p 80ead000 00:00 0 
80eb0000-80f2e000 rwxp 80eb0000 00:00 0 
80f2e000-80f31000 ---p 80f2e000 00:00 0 
80f31000-80faf000 rwxp 80f31000 00:00 0 
80faf000-80fb2000 ---p 80faf000 00:00 0 
80fb2000-81000000 rwxp 80fb2000 00:00 0 
81000000-81032000 rwxp 81000000 00:00 0 
81032000-81100000 ---p 81032000 00:00 0 
8113f000-8114a000 r-xp 00000000 08:06 720156     /home/bharath/academics/FusibleDataStructures/ieeetrans/code/libCReedInterface.so
8114a000-8114b000 r-xp 0000a000 08:06 720156     /home/bharath/academics/FusibleDataStructures/ieeetrans/code/libCReedInterface.so
8114b000-8114c000 rwxp 0000b000 08:06 720156     /home/bharath/academics/FusibleDataStructures/ieeetrans/code/libCReedInterface.so
8114c000-81153000 r-xs 00000000 08:06 1001829    /usr/lib/gconv/gconv-modules.cache
81153000-81192000 r-xp 00000000 08:06 296463     /usr/lib/locale/en_US.utf8/LC_CTYPE
81192000-81195000 ---p 81192000 00:00 0 
81195000-811e3000 rwxp 81195000 00:00 0 
811e3000-811e6000 ---p 811e3000 00:00 0 
811e6000-81234000 rwxp 811e6000 00:00 0 
81234000-81235000 ---p 81234000 00:00 0 
81235000-812e8000 rwxp 81235000 00:00 0 
812e8000-8147a000 r-xs 02f2c000 08:06 1043539    /usr/bin/jdk1.6.0_12/jre/lib/rt.jar
8147a000-8147b000 ---p 8147a000 00:00 0 
8147b000-814fb000 rwxp 8147b000 00:00 0 
814fb000-814fc000 ---p 814fb000 00:00 0 
814fc000-81584000 rwxp 814fc000 00:00 0 
81584000-8159c000 rwxp 81584000 00:00 0 
8159c000-815b1000 rwxp 8159c000 00:00 0 
815b1000-816e9000 rwxp 815b1000 00:00 0 
816e9000-816f1000 rwxp 816e9000 00:00 0 
816f1000-81709000 rwxp 816f1000 00:00 0 
81709000-8171e000 rwxp 81709000 00:00 0 
8171e000-81855000 rwxp 8171e000 00:00 0 
81855000-81859000 rwxp 81855000 00:00 0 
81859000-8187f000 rwxp 81859000 00:00 0 
8187f000-82880000 rwxp 8187f000 00:00 0 
82880000-85880000 rwxp 82880000 00:00 0 
85880000-88210000 rwxp 85880000 00:00 0 
88210000-af170000 rwxp 88210000 00:00 0 
af170000-af6a0000 rwxp af170000 00:00 0 
af6a0000-b4480000 rwxp af6a0000 00:00 0 
b4486000-b448f000 rwxp b4486000 00:00 0 
b448f000-b4546000 rwxp b448f000 00:00 0 
b4546000-b4786000 rwxp b4546000 00:00 0 
b4786000-b7546000 rwxp b4786000 00:00 0 
b7546000-b7555000 r-xp 00000000 08:06 75303      /usr/bin/jdk1.6.0_12/jre/lib/i386/libzip.so
b7555000-b7557000 rwxp 0000e000 08:06 75303      /usr/bin/jdk1.6.0_12/jre/lib/i386/libzip.so
b7557000-b757a000 r-xp 00000000 08:06 75301      /usr/bin/jdk1.6.0_12/jre/lib/i386/libjava.so
b757a000-b757c000 rwxp 00023000 08:06 75301      /usr/bin/jdk1.6.0_12/jre/lib/i386/libjava.so
b757c000-b7586000 r-xp 00000000 08:06 439848     /lib/tls/i686/cmov/libnss_files-2.9.so
b7586000-b7587000 r-xp 00009000 08:06 439848     /lib/tls/i686/cmov/libnss_files-2.9.so
b7587000-b7588000 rwxp 0000a000 08:06 439848     /lib/tls/i686/cmov/libnss_files-2.9.so
b7588000-b7591000 r-xp 00000000 08:06 439851     /lib/tls/i686/cmov/libnss_nis-2.9.so
b7591000-b7592000 r-xp 00008000 08:06 439851     /lib/tls/i686/cmov/libnss_nis-2.9.so
b7592000-b7593000 rwxp 00009000 08:06 439851     /lib/tls/i686/cmov/libnss_nis-2.9.so
b7593000-b75a8000 r-xp 00000000 08:06 439845     /lib/tls/i686/cmov/libnsl-2.9.so
b75a8000-b75a9000 r-xp 00014000 08:06 439845     /lib/tls/i686/cmov/libnsl-2.9.so
b75a9000-b75aa000 rwxp 00015000 08:06 439845     /lib/tls/i686/cmov/libnsl-2.9.so
b75aa000-b75ac000 rwxp b75aa000 00:00 0 
b75ad000-b75b8000 r-xp 00000000 08:06 75300      /usr/bin/jdk1.6.0_12/jre/lib/i386/libverify.so
b75b8000-b75b9000 rwxp 0000b000 08:06 75300      /usr/bin/jdk1.6.0_12/jre/lib/i386/libverify.so
b75b9000-b75c1000 rwxs 00000000 08:06 720133     /tmp/hsperfdata_bharath/26333
b75c1000-b75c8000 r-xp 00000000 08:06 439856     /lib/tls/i686/cmov/librt-2.9.so
b75c8000-b75c9000 r-xp 00006000 08:06 439856     /lib/tls/i686/cmov/librt-2.9.so
b75c9000-b75ca000 rwxp 00007000 08:06 439856     /lib/tls/i686/cmov/librt-2.9.so
b75ca000-b75cd000 ---p b75ca000 00:00 0 
b75cd000-b761b000 rwxp b75cd000 00:00 0 
b761b000-b763f000 r-xp 00000000 08:06 439843     /lib/tls/i686/cmov/libm-2.9.so
b763f000-b7640000 r-xp 00023000 08:06 439843     /lib/tls/i686/cmov/libm-2.9.so
b7640000-b7641000 rwxp 00024000 08:06 439843     /lib/tls/i686/cmov/libm-2.9.so
b7641000-b7642000 rwxp b7641000 00:00 0 
b7642000-b779e000 r-xp 00000000 08:06 439835     /lib/tls/i686/cmov/libc-2.9.so
b779e000-b779f000 ---p 0015c000 08:06 439835     /lib/tls/i686/cmov/libc-2.9.so
b779f000-b77a1000 r-xp 0015c000 08:06 439835     /lib/tls/i686/cmov/libc-2.9.so
b77a1000-b77a2000 rwxp 0015e000 08:06 439835     /lib/tls/i686/cmov/libc-2.9.so
b77a2000-b77a5000 rwxp b77a2000 00:00 0 
b77a5000-b77a7000 r-xp 00000000 08:06 439838     /lib/tls/i686/cmov/libdl-2.9.so
b77a7000-b77a8000 r-xp 00001000 08:06 439838     /lib/tls/i686/cmov/libdl-2.9.so
b77a8000-b77a9000 rwxp 00002000 08:06 439838     /lib/tls/i686/cmov/libdl-2.9.so
b77a9000-b77b0000 r-xp 00000000 08:06 90986      /usr/bin/jdk1.6.0_12/jre/lib/i386/jli/libjli.so
b77b0000-b77b2000 rwxp 00006000 08:06 90986      /usr/bin/jdk1.6.0_12/jre/lib/i386/jli/libjli.so
b77b2000-b77b3000 rwxp b77b2000 00:00 0 
b77b3000-b77c8000 r-xp 00000000 08:06 439854     /lib/tls/i686/cmov/libpthread-2.9.so
b77c8000-b77c9000 r-xp 00014000 08:06 439854     /lib/tls/i686/cmov/libpthread-2.9.so
b77c9000-b77ca000 rwxp 00015000 08:06 439854     /lib/tls/i686/cmov/libpthread-2.9.so
b77ca000-b77cc000 rwxp b77ca000 00:00 0 
b77ce000-b77cf000 rwxp b77ce000 00:00 0 
b77cf000-b77d6000 r-xp 00000000 08:06 439846     /lib/tls/i686/cmov/libnss_compat-2.9.so
b77d6000-b77d7000 r-xp 00006000 08:06 439846     /lib/tls/i686/cmov/libnss_compat-2.9.so
b77d7000-b77d8000 rwxp 00007000 08:06 439846     /lib/tls/i686/cmov/libnss_compat-2.9.so
b77d8000-b77de000 r-xp 00000000 08:06 90307      /usr/bin/jdk1.6.0_12/jre/lib/i386/native_threads/libhpi.so
b77de000-b77df000 rwxp 00006000 08:06 90307      /usr/bin/jdk1.6.0_12/jre/lib/i386/native_threads/libhpi.so
b77df000-b77e0000 rwxp b77df000 00:00 0 
b77e0000-b77e1000 r-xp b77e0000 00:00 0 
b77e1000-b77e3000 rwxp b77e1000 00:00 0 
b77e3000-b77e4000 r-xp b77e3000 00:00 0          [vdso]
b77e4000-b7800000 r-xp 00000000 08:06 423507     /lib/ld-2.9.so
b7800000-b7801000 r-xp 0001b000 08:06 423507     /lib/ld-2.9.so
b7801000-b7802000 rwxp 0001c000 08:06 423507     /lib/ld-2.9.so
bfc00000-bfc15000 rwxp bffea000 00:00 0          [stack]

VM Arguments:
java_command: Test
Launcher Type: SUN_STANDARD

Environment Variables:
JAVA_HOME=/usr/bin/jdk1.6.0_12
PATH=/usr/local/sbin:/usr/local/bin:/usr/sbin:/usr/bin:/sbin:/bin:/usr/games:/home/bharath/apps/RealPlayer/realplay:/home/bharath/apps/eclipse/:/usr/bin/jdk1.6.0_12/bin:/usr/bin/apache-ant-1.8.2/bin
LD_LIBRARY_PATH=/usr/bin/jdk1.6.0_12/jre/lib/i386/server:/usr/bin/jdk1.6.0_12/jre/lib/i386:/usr/bin/jdk1.6.0_12/jre/../lib/i386:/home/bharath/academics/FusibleDataStructures/ieeetrans/code/
SHELL=/bin/bash
DISPLAY=:0.0

Signal Handlers:
SIGSEGV: [libjvm.so+0x6071f0], sa_mask[0]=0x7ffbfeff, sa_flags=0x10000004
SIGBUS: [libjvm.so+0x6071f0], sa_mask[0]=0x7ffbfeff, sa_flags=0x10000004
SIGFPE: [libjvm.so+0x5048b0], sa_mask[0]=0x7ffbfeff, sa_flags=0x10000004
SIGPIPE: [libjvm.so+0x5048b0], sa_mask[0]=0x7ffbfeff, sa_flags=0x10000004
SIGXFSZ: [libjvm.so+0x5048b0], sa_mask[0]=0x7ffbfeff, sa_flags=0x10000004
SIGILL: [libjvm.so+0x5048b0], sa_mask[0]=0x7ffbfeff, sa_flags=0x10000004
SIGUSR1: SIG_DFL, sa_mask[0]=0x00000000, sa_flags=0x00000000
SIGUSR2: [libjvm.so+0x506d80], sa_mask[0]=0x00000000, sa_flags=0x10000004
SIGHUP: [libjvm.so+0x506b20], sa_mask[0]=0x7ffbfeff, sa_flags=0x10000004
SIGINT: [libjvm.so+0x506b20], sa_mask[0]=0x7ffbfeff, sa_flags=0x10000004
SIGTERM: [libjvm.so+0x506b20], sa_mask[0]=0x7ffbfeff, sa_flags=0x10000004
SIGQUIT: [libjvm.so+0x506b20], sa_mask[0]=0x7ffbfeff, sa_flags=0x10000004


---------------  S Y S T E M  ---------------

OS:5.0

uname:Linux 2.6.28-19-generic #66-Ubuntu SMP Sat Oct 16 17:39:04 UTC 2010 i686
libc:glibc 2.9 NPTL 2.9 
rlimit: STACK 8192k, CORE 0k, NPROC infinity, NOFILE 1024, AS infinity
load average:0.13 0.11 0.14

CPU:total 2 (2 cores per cpu, 1 threads per core) family 6 model 7 stepping 10, cmov, cx8, fxsr, mmx, sse, sse2, sse3, ssse3

Memory: 4k page, physical 3062464k(1092456k free), swap 3020180k(1717420k free)

vm_info: Java HotSpot(TM) Server VM (11.2-b01) for linux-x86 JRE (1.6.0_12-b04), built on Jan 17 2009 01:47:24 by "java_re" with gcc 3.2.1-7a (J2SE release)

time: Thu Aug 11 16:40:22 2011
elapsed time: 0 seconds

